>k115_2074
1	1848	+	1	1.359376	I:	D:
2089	2697	+	1	1.309097	I:	D:
2711	3005	-	2	1.324067	I:	D:
>k115_9501
1	1346	-	3	1.338244	I:	D:
1741	1872	+	1	1.284079	I:	D:
1884	1994	+	3	1.278770	I:	D:
2007	2261	-	3	1.317730	I:	D:
2470	3195	+	1	1.359347	I:	D:
3332	4036	+	2	1.339886	I:	D:
4061	4624	+	2	1.345144	I:	D:
4762	5934	+	1	1.344421	I:	D:
6017	6124	-	2	1.307176	I:	D:
6313	6630	-	1	1.343808	I:	D:
>k115_7445
21	128	+	3	1.313396	I:	D:
181	360	+	1	1.313632	I:	D:
382	1677	+	1	1.351900	I:	D:
2085	2243	-	3	1.304548	I:	D:
2280	2468	-	3	1.335097	I:	D:
2473	2736	-	1	1.327607	I:	D:
2886	2975	+	3	1.256715	I:	D:
3270	4100	-	3	1.378491	I:	D:
4234	4834	+	1	1.346517	I:	D:
>k115_5802
1	911	-	3	1.335088	I:	D:
984	1475	+	3	1.355061	I:	D:
1513	1884	+	1	1.341410	I:	D:
1992	2852	+	3	1.346611	I:	D:
2885	3512	+	2	1.335323	I:	D:
>k115_4957
1	784	+	2	1.313636	I:	D:
870	1412	+	3	1.328261	I:	D:
1726	3474	-	1	1.337678	I:	D:
3630	4628	-	3	1.307525	I:	D:
4735	5748	-	1	1.334409	I:	D:
5854	5979	+	1	1.337102	I:	D:
6333	7850	-	3	1.332280	I:	D:
7942	8481	+	1	1.334263	I:	D:
8541	9053	+	3	1.300959	I:	D:
9194	10366	+	2	1.327526	I:	D:
10530	11171	+	3	1.332404	I:	D:
11275	11613	-	1	1.303686	I:	D:
11704	14344	+	1	1.319847	I:	D:
>k115_7447
1	250	-	2	1.339250	I:	D:
516	623	-	3	1.269666	I:	D:
689	859	+	2	1.335175	I:	D:
917	1795	-	2	1.341035	I:	D:
1949	2761	-	2	1.319843	I:	D:
2813	3079	-	2	1.388457	I:	D:
3212	4921	-	2	1.341546	I:	D:
>k115_1665
157	429	+	1	1.359575	I:	D:
457	1053	-	1	1.314982	I:	D:
1087	1281	-	1	1.337518	I:	D:
1358	2731	+	2	1.331192	I:	D:
>k115_3739
1	192	-	1	1.353107	I:	D:
326	910	-	2	1.316368	I:	D:
1032	2318	-	3	1.313392	I:	D:
2555	2629	+	2	1.265450	I:	D:
2636	2755	+	2	1.331672	I:	D:
2772	2840	-	3	1.264050	I:	D:
2956	3747	+	1	1.355791	I:	D:
3855	3992	-	3	1.322128	I:	D:
4071	4226	+	3	1.363966	I:	D:
4483	5709	+	1	1.361038	I:	D:
5745	6212	+	3	1.355800	I:	D:
6352	6699	+	1	1.357799	I:	D:
6750	7019	-	3	1.385571	I:	D:
7055	7486	+	2	1.372753	I:	D:
7492	7902	+	1	1.334644	I:	D:
7907	9181	+	2	1.369507	I:	D:
9206	9460	+	2	1.336005	I:	D:
9472	9690	+	1	1.348689	I:	D:
9735	9854	+	3	1.284851	I:	D:
10194	10628	-	3	1.383409	I:	D:
10690	11172	-	1	1.361031	I:	D:
11185	11748	-	1	1.374976	I:	D:
11769	12719	-	3	1.339353	I:	D:
12769	13894	-	1	1.358948	I:	D:
>k115_437
142	978	-	1	1.349997	I:	D:
1003	1950	-	1	1.325421	I:	D:
2356	2469	+	1	1.293315	I:	D:
2574	3485	+	3	1.336134	I:	D:
>k115_7868
1	122	+	3	1.293391	I:	D:
210	527	+	3	1.313507	I:	D:
563	1114	+	2	1.301152	I:	D:
1197	1604	+	3	1.279085	I:	D:
1637	2053	+	2	1.319860	I:	D:
2120	3637	+	2	1.336311	I:	D:
3749	3823	+	2	1.278304	I:	D:
3961	6012	+	1	1.338244	I:	D:
6718	7467	-	1	1.327198	I:	D:
7567	8241	+	1	1.343572	I:	D:
8244	9119	-	3	1.343186	I:	D:
9196	10605	+	1	1.312262	I:	D:
10700	11905	+	2	1.324664	I:	D:
12042	13766	+	3	1.333882	I:	D:
13799	15715	+	2	1.350202	I:	D:
15966	16172	+	3	1.329831	I:	D:
16201	16470	+	1	1.279243	I:	D:
16593	18218	+	3	1.306870	I:	D:
18349	20152	-	1	1.319901	I:	D:
>k115_7043
1	2088	-	1	1.314919	I:	D:
2100	3494	-	3	1.325013	I:	D:
3501	6773	-	3	1.311003	I:	D:
6778	6999	-	1	1.315991	I:	D:
7258	7647	-	1	1.381470	I:	D:
7671	8966	-	3	1.370312	I:	D:
8995	10224	-	1	1.364904	I:	D:
10239	10322	+	3	1.362701	I:	D:
10514	10714	+	2	1.328393	I:	D:
10719	12248	-	3	1.327583	I:	D:
12379	12462	+	1	1.237988	I:	D:
12489	13451	+	3	1.311229	I:	D:
13490	14095	-	2	1.346713	I:	D:
14118	14609	-	3	1.318352	I:	D:
14871	15863	-	3	1.332621	I:	D:
16005	16169	+	3	1.316209	I:	D:
16277	16900	+	2	1.377752	I:	D:
16919	17611	-	2	1.358630	I:	D:
17614	17871	-	1	1.274223	I:	D:
17916	18416	+	3	1.361313	I:	D:
18859	20643	-	1	1.328274	I:	D:
20654	22591	-	2	1.326167	I:	D:
22594	25881	-	1	1.318092	I:	D:
25933	29040	-	1	1.326486	I:	D:
29236	29319	-	1	1.218124	I:	D:
29345	32539	-	2	1.342605	I:	D:
32579	32666	-	2	1.321763	I:	D:
>k115_4169
209	283	+	2	1.305256	I:	D:
316	1188	+	1	1.324541	I:	D:
1480	2862	+	1	1.333943	I:	D:
>k115_8325
1	2096	+	3	1.335054	I:	D:
2192	2353	+	2	1.364619	I:	D:
2356	2724	+	1	1.337865	I:	D:
>k115_6636
48	698	-	3	1.344359	I:	D:
837	950	+	3	1.346679	I:	D:
1297	2322	-	1	1.326031	I:	D:
2379	3113	-	3	1.319701	I:	D:
3376	5502	-	1	1.370039	I:	D:
5781	5990	+	3	1.346668	I:	D:
6319	6402	+	1	1.263819	I:	D:
6435	7058	+	3	1.329880	I:	D:
>k115_7046
315	1172	-	3	1.327851	I:	D:
1196	1873	-	2	1.333257	I:	D:
1878	3908	-	3	1.348596	I:	D:
3910	5187	+	1	1.334968	I:	D:
5629	6024	-	1	1.326743	I:	D:
6172	6903	-	1	1.338994	I:	D:
6918	8045	-	3	1.341877	I:	D:
8055	8144	+	3	1.296559	I:	D:
8585	8674	+	2	1.292927	I:	D:
8771	9817	+	2	1.332282	I:	D:
9847	10368	+	1	1.339051	I:	D:
10379	12850	+	2	1.332995	I:	D:
12967	15412	+	1	1.343473	I:	D:
>k115_2123
1	156	+	1	1.345951	I:	D:
303	1202	-	3	1.349144	I:	D:
1327	1830	-	1	1.351668	I:	D:
1884	2393	-	3	1.362687	I:	D:
2407	3291	-	1	1.344392	I:	D:
3343	4440	-	1	1.346378	I:	D:
4887	8231	+	3	1.333937	I:	D:
8237	11110	+	2	1.351164	I:	D:
11175	11267	+	3	1.291548	I:	D:
11421	13877	-	3	1.340519	I:	D:
13900	14589	-	1	1.350651	I:	D:
14707	15666	+	1	1.306745	I:	D:
15680	16627	+	2	1.302918	I:	D:
16674	17408	+	3	1.296458	I:	D:
17422	18174	+	1	1.282232	I:	D:
18196	19359	+	1	1.324571	I:	D:
19380	20492	+	3	1.318074	I:	D:
20716	21543	+	1	1.306149	I:	D:
21563	22783	+	2	1.309481	I:	D:
22835	23875	+	2	1.297513	I:	D:
23881	25269	+	1	1.312613	I:	D:
25278	26048	+	3	1.296748	I:	D:
26055	26954	+	3	1.297628	I:	D:
27017	29533	+	2	1.337389	I:	D:
29539	29633	+	1	1.361922	I:	D:
>k115_6222
1	538	-	2	1.309417	I:	D:
657	1337	+	3	1.332090	I:	D:
1354	1959	+	1	1.306507	I:	D:
1985	2866	+	2	1.332345	I:	D:
2908	3995	+	1	1.333767	I:	D:
>k115_9154
1	352	-	2	1.360976	I:	D:
499	1158	-	1	1.360878	I:	D:
1323	1445	+	3	1.310434	I:	D:
1517	2227	-	2	1.340085	I:	D:
2547	2669	-	3	1.291958	I:	D:
3066	3227	+	3	1.319387	I:	D:
3559	3738	+	1	1.346405	I:	D:
3897	4034	+	3	1.329165	I:	D:
4423	4668	+	1	1.372975	I:	D:
4841	4996	+	2	1.369846	I:	D:
5523	5837	+	3	1.391491	I:	D:
5906	6127	+	2	1.404378	I:	D:
6228	6491	+	3	1.326590	I:	D:
6641	7057	-	2	1.358600	I:	D:
7180	7554	-	1	1.337959	I:	D:
7596	7964	+	3	1.352820	I:	D:
8023	8397	+	1	1.416649	I:	D:
8494	8580	+	1	1.326431	I:	D:
8900	9103	+	2	1.347726	I:	D:
9130	9238	+	1	1.411046	I:	D:
>k115_9544
1	130	-	2	1.336831	I:	D:
136	1107	-	1	1.324933	I:	D:
1117	1791	-	1	1.327773	I:	D:
1800	2183	-	3	1.315951	I:	D:
2317	3082	-	1	1.290286	I:	D:
>k115_3361
1	240	+	1	1.320560	I:	D:
408	1025	+	3	1.348649	I:	D:
1068	4613	+	3	1.337416	I:	D:
4702	5455	+	1	1.339986	I:	D:
>k115_2520
1	221	-	3	1.361400	I:	D:
251	760	-	2	1.369822	I:	D:
1031	2560	-	2	1.340582	I:	D:
2690	3085	+	2	1.379700	I:	D:
3290	3959	+	2	1.350656	I:	D:
>k115_2974
1	346	-	2	1.298396	I:	D:
654	995	+	3	1.370822	I:	D:
1156	4254	+	1	1.332767	I:	D:
4711	5211	+	1	1.363592	I:	D:
5220	5408	+	3	1.329553	I:	D:
5493	6276	-	3	1.360052	I:	D:
>k115_7903
1	517	-	2	1.401387	I:	D:
552	725	-	3	1.361738	I:	D:
753	2999	-	3	1.347321	I:	D:
3435	3545	+	3	1.351944	I:	D:
3549	3701	+	3	1.302420	I:	D:
3862	6369	+	1	1.291911	I:	D:
6548	6832	+	2	1.403152	I:	D:
>k115_2127
363	899	+	3	1.299921	I:	D:
935	1345	+	2	1.338553	I:	D:
1346	2659	+	2	1.313236	I:	D:
2757	3161	+	3	1.316501	I:	D:
3270	4228	+	3	1.306051	I:	D:
>k115_4607
323	682	+	2	1.329025	I:	D:
916	1737	+	1	1.352656	I:	D:
2224	2916	-	1	1.352331	I:	D:
3012	4355	-	3	1.323074	I:	D:
4707	6512	+	3	1.344078	I:	D:
6601	6711	+	1	1.271244	I:	D:
6852	7025	+	3	1.319357	I:	D:
7366	8712	+	1	1.336533	I:	D:
8839	10344	+	1	1.323351	I:	D:
10425	11816	+	3	1.334225	I:	D:
11866	11970	-	1	1.308832	I:	D:
12033	12914	-	3	1.341266	I:	D:
13016	13546	-	2	1.334850	I:	D:
14124	14645	+	3	1.336574	I:	D:
14790	22367	-	3	1.344361	I:	D:
22372	22452	+	1	1.278324	I:	D:
22477	22803	-	1	1.315110	I:	D:
>k115_887
1	1382	-	3	1.339468	I:	D:
1476	1592	-	3	1.308709	I:	D:
1663	2052	+	1	1.317916	I:	D:
2082	2789	+	3	1.336028	I:	D:
2792	2947	+	2	1.351204	I:	D:
3131	4951	+	2	1.321491	I:	D:
5060	5638	+	2	1.304775	I:	D:
5719	6183	+	1	1.348842	I:	D:
6398	6514	+	2	1.339582	I:	D:
6721	7000	-	1	1.347829	I:	D:
>k115_2530
1	624	+	1	1.341999	I:	D:
778	1596	+	1	1.332781	I:	D:
1671	2312	-	3	1.332976	I:	D:
2598	3002	+	3	1.323819	I:	D:
3047	3209	-	2	1.304836	I:	D:
>k115_2979
1	212	+	3	1.341416	I:	D:
408	707	+	3	1.271716	I:	D:
891	2015	+	3	1.299806	I:	D:
2539	2616	+	1	1.330805	I:	D:
2854	3672	+	1	1.368365	I:	D:
3691	4695	+	1	1.376864	I:	D:
4745	4852	+	2	1.370541	I:	D:
4935	6207	-	3	1.381693	I:	D:
>k115_2535
1	110	+	3	1.328888	I:	D:
142	1233	+	1	1.330772	I:	D:
1334	2326	+	2	1.332658	I:	D:
2391	3469	+	3	1.325290	I:	D:
>k115_2988
1	1352	-	3	1.354335	I:	D:
1437	2189	+	3	1.337495	I:	D:
2225	2800	+	2	1.348630	I:	D:
3179	4660	-	2	1.331966	I:	D:
4793	4870	+	2	1.338223	I:	D:
4930	5610	+	1	1.330879	I:	D:
5655	5759	-	3	1.368251	I:	D:
5794	5897	-	1	1.306444	I:	D:
>k115_6672
1	1223	+	3	1.332808	I:	D:
1552	2454	-	1	1.339362	I:	D:
2533	4710	+	1	1.341477	I:	D:
5320	8121	+	1	1.324035	I:	D:
8169	8597	-	3	1.320229	I:	D:
8853	8977	+	3	1.380432	I:	D:
>k115_5828
1	1316	-	3	1.358569	I:	D:
1319	1603	+	2	1.316134	I:	D:
1655	2017	-	2	1.335642	I:	D:
2121	2501	-	3	1.319060	I:	D:
2514	3083	-	3	1.401390	I:	D:
3109	3435	-	1	1.345547	I:	D:
3516	4205	-	3	1.342974	I:	D:
4290	4427	-	3	1.301073	I:	D:
4649	6211	-	2	1.336332	I:	D:
6290	6574	-	2	1.312821	I:	D:
6930	7085	+	3	1.367854	I:	D:
7098	7244	+	3	1.298189	I:	D:
7295	8464	-	2	1.342055	I:	D:
8468	8596	-	2	1.351017	I:	D:
8793	8948	-	3	1.294970	I:	D:
8961	10067	-	3	1.338347	I:	D:
10104	10712	-	3	1.336651	I:	D:
10773	11732	-	3	1.334177	I:	D:
12045	13946	+	3	1.325762	I:	D:
>k115_2547
61	261	-	1	1.332234	I:	D:
328	1179	-	1	1.347233	I:	D:
1183	2563	+	1	1.339303	I:	D:
>k115_8369
1	191	+	3	1.338535	I:	D:
422	2107	-	2	1.320642	I:	D:
2208	2303	-	3	1.321996	I:	D:
>k115_2152
1	250	-	2	1.315615	I:	D:
371	973	-	2	1.341962	I:	D:
1282	1812	-	1	1.345425	I:	D:
1835	2647	-	2	1.332544	I:	D:
2657	2770	+	2	1.310227	I:	D:
2814	4235	+	3	1.330087	I:	D:
4355	4900	+	2	1.358472	I:	D:
>k115_4187
1	187	+	2	1.367094	I:	D:
407	592	+	2	1.349897	I:	D:
1005	1715	-	3	1.326465	I:	D:
1800	4505	-	3	1.347508	I:	D:
4784	5251	+	2	1.305221	I:	D:
5256	6518	+	3	1.310357	I:	D:
6637	9516	+	1	1.307591	I:	D:
9720	11165	+	3	1.340249	I:	D:
11321	11734	+	2	1.331470	I:	D:
11747	12499	+	2	1.318858	I:	D:
12511	13854	+	1	1.346693	I:	D:
13866	15104	+	3	1.356700	I:	D:
15513	15755	-	3	1.313990	I:	D:
15782	16390	+	2	1.324656	I:	D:
16409	17311	+	2	1.333286	I:	D:
17330	17407	-	2	1.271721	I:	D:
17723	20959	+	2	1.314992	I:	D:
20976	22598	+	3	1.304438	I:	D:
22767	26474	+	3	1.314160	I:	D:
26681	27001	+	2	1.384557	I:	D:
27129	27345	-	3	1.364987	I:	D:
>k115_6251
1	273	-	1	1.341094	I:	D:
278	1015	-	2	1.323732	I:	D:
1047	1709	-	3	1.351605	I:	D:
1780	3300	-	1	1.315059	I:	D:
3397	4587	-	1	1.335807	I:	D:
>k115_7560
1	233	+	3	1.397390	I:	D:
253	381	+	1	1.282807	I:	D:
440	967	-	2	1.327888	I:	D:
1115	1354	-	2	1.365826	I:	D:
1635	2612	-	3	1.320874	I:	D:
3166	3819	+	1	1.343511	I:	D:
3849	4022	+	3	1.368267	I:	D:
4502	5794	+	2	1.338833	I:	D:
6066	6245	+	3	1.317010	I:	D:
6255	6638	+	3	1.365602	I:	D:
6745	7189	-	1	1.376549	I:	D:
>k115_5023
1	754	-	2	1.365660	I:	D:
847	987	+	1	1.293889	I:	D:
1308	1427	+	3	1.243631	I:	D:
1485	1628	-	3	1.305317	I:	D:
1828	3267	-	1	1.347877	I:	D:
3938	5143	+	2	1.335638	I:	D:
5150	5413	-	2	1.338275	I:	D:
5632	6924	+	1	1.343702	I:	D:
>k115_6683
1	1181	-	3	1.301919	I:	D:
1414	2694	-	1	1.340188	I:	D:
2738	3331	-	2	1.321251	I:	D:
3353	5134	-	2	1.337416	I:	D:
5205	5666	+	3	1.336794	I:	D:
5692	5844	-	1	1.304843	I:	D:
6044	6418	-	2	1.334600	I:	D:
6505	7044	-	1	1.329868	I:	D:
7053	7562	-	3	1.349691	I:	D:
7566	8281	-	3	1.332042	I:	D:
>k115_198
1	143	-	3	1.349831	I:	D:
819	1649	-	3	1.324299	I:	D:
2459	2944	+	2	1.337460	I:	D:
2964	3323	+	3	1.382986	I:	D:
3521	3589	-	2	1.259048	I:	D:
3602	4045	+	2	1.374483	I:	D:
4258	4545	-	1	1.360857	I:	D:
4638	4754	-	3	1.316506	I:	D:
4873	5343	-	1	1.327886	I:	D:
5474	5632	-	2	1.352144	I:	D:
>k115_492
1	337	-	2	1.348575	I:	D:
387	2477	-	3	1.328909	I:	D:
2507	3010	-	2	1.346322	I:	D:
3099	3980	-	3	1.331252	I:	D:
4065	4725	-	3	1.313970	I:	D:
>k115_3438
1	1485	+	1	1.339044	I:	D:
1727	2485	+	2	1.308241	I:	D:
2674	3030	+	1	1.347254	I:	D:
3143	3334	-	2	1.297595	I:	D:
3655	5064	+	1	1.352823	I:	D:
5103	5844	+	3	1.364833	I:	D:
>k115_891
1	1307	-	3	1.314228	I:	D:
1446	3767	-	3	1.335583	I:	D:
3888	4565	-	3	1.306977	I:	D:
4589	4768	+	2	1.330786	I:	D:
4785	4869	+	3	1.361140	I:	D:
>k115_5499
1	598	-	2	1.353810	I:	D:
631	1497	-	1	1.301333	I:	D:
1550	1804	-	2	1.297495	I:	D:
2601	3074	-	3	1.360298	I:	D:
>k115_5035
256	1899	-	1	1.331630	I:	D:
2048	4966	-	2	1.319615	I:	D:
4988	6847	-	2	1.341166	I:	D:
6878	8140	-	2	1.316667	I:	D:
8413	8742	+	1	1.330397	I:	D:
8795	9631	+	2	1.334571	I:	D:
9725	9952	-	2	1.291961	I:	D:
9957	10319	-	3	1.325928	I:	D:
10436	10660	-	2	1.340534	I:	D:
10831	11510	+	1	1.364728	I:	D:
>k115_7070
1	92	+	3	1.297348	I:	D:
292	819	-	1	1.326386	I:	D:
870	1325	-	3	1.304265	I:	D:
1420	2763	-	1	1.340467	I:	D:
2768	3340	-	2	1.322318	I:	D:
3635	4339	+	2	1.343025	I:	D:
>k115_8755
1	223	+	2	1.313982	I:	D:
247	858	+	1	1.328161	I:	D:
1264	2610	-	1	1.355499	I:	D:
2763	4727	-	3	1.320123	I:	D:
4746	4919	+	3	1.339745	I:	D:
5087	5162	+	2	1.322806	I:	D:
>k115_1735
1	218	+	3	1.357169	I:	D:
405	524	-	3	1.343533	I:	D:
692	1645	-	2	1.351002	I:	D:
1829	3016	+	2	1.354741	I:	D:
3157	3969	+	1	1.309663	I:	D:
4000	4068	-	1	1.303612	I:	D:
4143	4286	+	3	1.299348	I:	D:
4611	5249	-	3	1.408501	I:	D:
5270	5701	-	2	1.371428	I:	D:
5767	6699	+	1	1.395801	I:	D:
6729	7889	+	3	1.392859	I:	D:
7984	8163	-	1	1.304603	I:	D:
8728	9048	+	1	1.285224	I:	D:
9051	9995	+	3	1.340837	I:	D:
10111	11037	+	1	1.327008	I:	D:
11262	12596	+	3	1.335448	I:	D:
12609	13604	+	3	1.282607	I:	D:
13690	13923	-	1	1.351622	I:	D:
14011	14619	+	1	1.301921	I:	D:
14652	16199	+	3	1.318320	I:	D:
16221	17027	+	3	1.287575	I:	D:
17136	17456	+	3	1.318343	I:	D:
17624	17742	-	2	1.290068	I:	D:
>k115_3039
70	249	+	1	1.346135	I:	D:
604	1362	+	1	1.307767	I:	D:
1479	1745	-	3	1.348978	I:	D:
1753	2421	-	1	1.341329	I:	D:
2487	3233	-	3	1.309573	I:	D:
3310	3930	-	1	1.334659	I:	D:
4199	4960	-	2	1.350517	I:	D:
4970	5974	-	2	1.330076	I:	D:
6027	6881	-	3	1.330732	I:	D:
7045	7114	+	1	1.286238	I:	D:
>k115_7927
1	1088	-	3	1.337274	I:	D:
1215	2048	+	3	1.328634	I:	D:
2072	2419	+	2	1.280199	I:	D:
2482	2868	+	1	1.359451	I:	D:
2971	3954	+	1	1.309805	I:	D:
3961	4491	+	1	1.319439	I:	D:
4533	4778	-	3	1.332332	I:	D:
5044	5820	+	1	1.300183	I:	D:
5842	7158	+	1	1.317438	I:	D:
7166	8371	+	2	1.339542	I:	D:
8380	9534	+	1	1.342965	I:	D:
9563	11575	+	2	1.390865	I:	D:
11811	11978	-	3	1.311968	I:	D:
12138	12452	+	3	1.310906	I:	D:
12626	14824	+	2	1.367782	I:	D:
14837	15793	+	2	1.382256	I:	D:
15803	16456	+	2	1.367162	I:	D:
16500	16967	+	3	1.392001	I:	D:
17210	17389	+	2	1.304633	I:	D:
17566	18075	+	1	1.331585	I:	D:
18680	19888	+	2	1.340400	I:	D:
19902	21155	+	3	1.277662	I:	D:
21185	21376	+	2	1.266150	I:	D:
21399	22508	+	3	1.313821	I:	D:
22511	23773	+	2	1.283707	I:	D:
23838	24887	+	3	1.264774	I:	D:
24898	25341	+	1	1.259217	I:	D:
25354	26802	+	1	1.290223	I:	D:
27017	27946	+	2	1.256714	I:	D:
28014	29285	+	3	1.279350	I:	D:
29367	30362	+	3	1.271977	I:	D:
30384	31439	+	3	1.278047	I:	D:
31447	32094	+	1	1.315689	I:	D:
32099	33397	+	2	1.293263	I:	D:
33410	34618	+	2	1.305607	I:	D:
34663	35805	+	1	1.301497	I:	D:
35812	36696	+	1	1.267058	I:	D:
37064	37990	+	2	1.277117	I:	D:
37995	39065	+	3	1.294073	I:	D:
39076	40254	+	1	1.284360	I:	D:
40261	41376	+	1	1.294669	I:	D:
41383	42390	+	1	1.259264	I:	D:
42402	43022	+	3	1.328272	I:	D:
43028	44374	+	2	1.294779	I:	D:
44403	44741	+	3	1.292060	I:	D:
>k115_5882
1	85	+	2	1.302587	I:	D:
185	1837	-	2	1.330383	I:	D:
2074	2310	-	1	1.291736	I:	D:
2402	4279	-	2	1.334074	I:	D:
4686	4856	+	3	1.311081	I:	D:
4938	5024	-	3	1.285770	I:	D:
5166	6785	-	3	1.344024	I:	D:
7031	8656	-	2	1.349094	I:	D:
8668	8877	-	1	1.307465	I:	D:
9319	9483	-	1	1.338979	I:	D:
9696	10943	+	3	1.347175	I:	D:
11698	13764	+	1	1.341954	I:	D:
13912	15267	+	1	1.340038	I:	D:
15344	15622	-	2	1.355119	I:	D:
16028	20491	+	2	1.335901	I:	D:
20579	21450	+	2	1.342326	I:	D:
>k115_2227
1	167	+	3	1.366924	I:	D:
503	3520	+	2	1.347120	I:	D:
3643	3725	-	1	1.316360	I:	D:
>k115_6285
1	4138	+	2	1.335843	I:	D:
4248	4838	+	3	1.313108	I:	D:
4897	7257	+	1	1.340011	I:	D:
7405	7486	+	1	1.326954	I:	D:
>k115_524
1	384	+	1	1.373349	I:	D:
550	675	+	1	1.301921	I:	D:
830	1429	-	2	1.378658	I:	D:
1455	2180	-	3	1.328363	I:	D:
2187	5633	-	3	1.339645	I:	D:
>k115_5885
1	1644	-	1	1.322305	I:	D:
1658	3361	-	2	1.303649	I:	D:
3703	4659	+	1	1.350509	I:	D:
4730	5548	+	2	1.341746	I:	D:
>k115_9277
1	538	+	2	1.314068	I:	D:
635	1153	-	2	1.312455	I:	D:
1357	1440	+	1	1.326241	I:	D:
1559	3375	-	2	1.320851	I:	D:
>k115_8441
1	345	-	1	1.335179	I:	D:
381	1091	-	3	1.296594	I:	D:
1107	2261	-	3	1.325591	I:	D:
2309	3661	-	2	1.329509	I:	D:
3784	4140	+	1	1.340051	I:	D:
>k115_7096
1	69	-	1	1.320292	I:	D:
129	1751	+	3	1.324633	I:	D:
1861	2463	+	1	1.254231	I:	D:
2534	3691	+	2	1.324549	I:	D:
3718	5001	+	1	1.341249	I:	D:
5146	6459	+	1	1.329207	I:	D:
6976	7110	+	1	1.286201	I:	D:
7115	7684	+	2	1.343749	I:	D:
7739	9535	+	2	1.339603	I:	D:
9572	9686	+	2	1.296974	I:	D:
>k115_3058
8	1096	-	2	1.328367	I:	D:
1270	2346	-	1	1.325160	I:	D:
2383	4272	-	1	1.333703	I:	D:
4299	6146	-	3	1.321021	I:	D:
6222	6998	-	3	1.304858	I:	D:
7078	7203	+	1	1.263736	I:	D:
7393	8442	+	1	1.338286	I:	D:
8481	9368	-	3	1.339027	I:	D:
9594	11564	+	3	1.360804	I:	D:
11764	11880	+	1	1.325493	I:	D:
12160	12481	+	1	1.366192	I:	D:
>k115_9279
1	979	+	2	1.339996	I:	D:
1049	1216	+	2	1.299059	I:	D:
1220	2212	-	2	1.329973	I:	D:
2272	3087	-	1	1.335459	I:	D:
3096	3308	-	3	1.298325	I:	D:
3443	3922	+	2	1.344190	I:	D:
3930	4865	+	3	1.344249	I:	D:
4866	5534	+	3	1.317370	I:	D:
5540	7159	+	2	1.326450	I:	D:
>k115_3801
1	79	+	2	1.335288	I:	D:
158	613	+	2	1.286736	I:	D:
660	893	-	3	1.393141	I:	D:
946	1560	-	1	1.373867	I:	D:
1563	3674	-	3	1.358584	I:	D:
3740	4117	-	2	1.321903	I:	D:
4339	5277	-	1	1.328857	I:	D:
5312	5923	-	2	1.335198	I:	D:
5992	7155	+	1	1.343147	I:	D:
7273	7478	+	1	1.329792	I:	D:
>k115_4716
1	94	+	2	1.304487	I:	D:
1076	1339	-	2	1.286071	I:	D:
1492	1611	-	1	1.262374	I:	D:
1693	1836	+	1	1.329584	I:	D:
2061	3541	-	3	1.333206	I:	D:
>k115_8802
160	273	+	1	1.379320	I:	D:
344	823	-	2	1.348394	I:	D:
828	1814	-	3	1.354345	I:	D:
2017	3393	-	1	1.353703	I:	D:
3395	3640	+	2	1.377102	I:	D:
3716	3829	+	2	1.349439	I:	D:
3857	4147	+	2	1.347046	I:	D:
4153	4434	+	1	1.350619	I:	D:
4747	5361	+	1	1.351355	I:	D:
5394	7148	+	3	1.355346	I:	D:
7174	8907	+	1	1.347378	I:	D:
8935	9069	+	1	1.384422	I:	D:
9161	9343	+	2	1.327381	I:	D:
9880	11490	+	1	1.337961	I:	D:
12146	12829	-	2	1.344537	I:	D:
12918	12990	-	3	1.278352	I:	D:
>k115_8463
160	2418	-	1	1.351030	I:	D:
2484	4535	-	3	1.334215	I:	D:
4774	6291	+	1	1.326257	I:	D:
6328	6774	+	1	1.356104	I:	D:
>k115_5908
1	76	+	2	1.393186	I:	D:
101	532	+	2	1.356049	I:	D:
654	1583	+	3	1.349732	I:	D:
2059	3285	-	1	1.333731	I:	D:
3384	4295	-	3	1.354114	I:	D:
4369	5382	-	1	1.330070	I:	D:
5489	5668	-	2	1.278316	I:	D:
5687	6676	-	2	1.336083	I:	D:
>k115_3808
1	379	+	2	1.331815	I:	D:
620	1498	+	2	1.337354	I:	D:
1891	3548	+	1	1.339534	I:	D:
>k115_2232
1	139	-	2	1.379173	I:	D:
250	753	-	1	1.319900	I:	D:
759	1820	-	3	1.333433	I:	D:
1946	2413	-	2	1.323874	I:	D:
2421	3029	-	3	1.350023	I:	D:
3053	3547	-	2	1.321485	I:	D:
3590	5395	+	2	1.334411	I:	D:
5495	5992	-	2	1.302548	I:	D:
6293	6400	+	2	1.297738	I:	D:
6469	7899	-	1	1.327441	I:	D:
8185	9300	+	1	1.303252	I:	D:
9389	9478	+	2	1.309774	I:	D:
9489	9569	+	3	1.276108	I:	D:
9575	10657	-	2	1.324540	I:	D:
10873	12057	+	1	1.325438	I:	D:
12185	15751	+	2	1.326687	I:	D:
16305	18254	-	3	1.316138	I:	D:
18407	19069	-	2	1.336500	I:	D:
19073	19636	-	2	1.333583	I:	D:
19693	20049	-	1	1.311476	I:	D:
20112	20612	-	3	1.323755	I:	D:
20843	21058	+	2	1.294124	I:	D:
21068	21421	+	2	1.340807	I:	D:
21429	21722	+	3	1.370849	I:	D:
21804	22025	-	3	1.295718	I:	D:
22370	25093	+	2	1.315960	I:	D:
25557	27206	+	3	1.331979	I:	D:
27305	30328	+	2	1.341188	I:	D:
30500	30605	-	2	1.306804	I:	D:
>k115_7942
1	312	-	1	1.351052	I:	D:
436	3618	+	1	1.365413	I:	D:
3769	4560	+	1	1.310649	I:	D:
4662	5822	+	3	1.332141	I:	D:
5974	6219	-	1	1.301067	I:	D:
6461	8221	-	2	1.300166	I:	D:
8380	8475	+	1	1.350619	I:	D:
8542	9879	-	1	1.348617	I:	D:
9932	10957	-	2	1.360297	I:	D:
10964	11086	+	2	1.259877	I:	D:
11232	14330	+	3	1.324834	I:	D:
14373	16016	+	3	1.321780	I:	D:
16074	17258	+	3	1.340129	I:	D:
17287	18669	+	1	1.334528	I:	D:
18876	20894	+	3	1.347123	I:	D:
21206	21466	-	2	1.345496	I:	D:
21534	22646	-	3	1.315803	I:	D:
22654	23622	-	1	1.310319	I:	D:
23697	23990	-	3	1.339535	I:	D:
24080	24412	-	2	1.278020	I:	D:
25109	25207	+	2	1.307614	I:	D:
25263	25409	-	3	1.324002	I:	D:
25536	28169	+	3	1.357936	I:	D:
28370	28900	+	2	1.319715	I:	D:
28915	29301	+	1	1.321536	I:	D:
29362	29472	+	1	1.347710	I:	D:
29508	30350	+	3	1.298923	I:	D:
30464	31462	+	2	1.292828	I:	D:
31759	31878	-	1	1.335005	I:	D:
>k115_7661
1	357	-	1	1.375375	I:	D:
478	813	+	1	1.350373	I:	D:
888	2042	+	3	1.329459	I:	D:
2079	2285	+	3	1.343915	I:	D:
2657	3310	-	2	1.333191	I:	D:
3324	4481	-	3	1.327926	I:	D:
4577	5572	-	2	1.328141	I:	D:
5621	6709	-	2	1.340729	I:	D:
6715	7205	-	1	1.334036	I:	D:
>k115_6715
192	1709	-	3	1.331403	I:	D:
1863	4061	+	3	1.335375	I:	D:
4185	4802	-	3	1.331807	I:	D:
4939	7227	+	1	1.337978	I:	D:
7601	7684	+	2	1.305016	I:	D:
>k115_9680
1	1089	-	1	1.331158	I:	D:
1173	1919	-	3	1.340165	I:	D:
2000	2122	+	2	1.313972	I:	D:
2194	2301	+	1	1.366253	I:	D:
2396	4287	-	2	1.315192	I:	D:
>k115_5940
1	380	-	3	1.332329	I:	D:
444	1400	-	3	1.313902	I:	D:
1412	1711	+	2	1.351482	I:	D:
1888	2646	-	1	1.329455	I:	D:
2679	3467	-	3	1.332167	I:	D:
3508	4707	+	1	1.362481	I:	D:
4721	5494	+	2	1.341484	I:	D:
5531	5805	+	2	1.334859	I:	D:
>k115_9298
1	703	-	2	1.356313	I:	D:
879	1760	-	3	1.349341	I:	D:
1772	2926	-	2	1.352780	I:	D:
2944	4842	-	1	1.355790	I:	D:
4869	7187	-	3	1.335069	I:	D:
7523	10171	+	2	1.346760	I:	D:
10882	11808	+	1	1.330720	I:	D:
11939	12385	-	2	1.325016	I:	D:
12583	13086	+	1	1.374573	I:	D:
13131	13814	+	3	1.297492	I:	D:
13847	14725	+	2	1.328765	I:	D:
14813	15181	+	2	1.306419	I:	D:
15388	15537	+	1	1.327730	I:	D:
>k115_7669
1	161	+	3	1.367365	I:	D:
246	1343	+	3	1.345904	I:	D:
2388	2558	+	3	1.306493	I:	D:
2598	3392	+	3	1.344764	I:	D:
>k115_5129
1	239	+	3	1.351739	I:	D:
267	1496	+	3	1.355294	I:	D:
1567	2712	+	1	1.315903	I:	D:
2745	4691	+	3	1.330070	I:	D:
4763	6352	+	2	1.334408	I:	D:
6697	8343	-	1	1.338710	I:	D:
8786	8952	-	2	1.355743	I:	D:
>k115_7165
1	90	+	1	1.321221	I:	D:
371	2314	+	2	1.355924	I:	D:
2332	3603	+	1	1.350699	I:	D:
3656	5053	+	2	1.341881	I:	D:
5162	5398	-	2	1.318442	I:	D:
5531	6469	-	2	1.347818	I:	D:
6496	7425	-	1	1.335269	I:	D:
7510	8529	-	1	1.326000	I:	D:
8754	9134	+	3	1.289917	I:	D:
9206	9436	-	2	1.290684	I:	D:
9545	9888	-	2	1.319181	I:	D:
>k115_3846
88	204	+	1	1.283505	I:	D:
363	2948	+	3	1.343655	I:	D:
3065	4432	-	2	1.360768	I:	D:
5028	5876	+	3	1.311625	I:	D:
6035	7091	-	2	1.356405	I:	D:
>k115_3083
199	1185	-	1	1.350051	I:	D:
1311	1859	-	3	1.292391	I:	D:
2792	3108	+	2	1.388573	I:	D:
>k115_8501
1	956	+	3	1.314392	I:	D:
1043	1159	+	2	1.318831	I:	D:
1357	1845	-	1	1.337733	I:	D:
1870	2664	-	1	1.345642	I:	D:
2673	4019	-	3	1.331026	I:	D:
4040	6154	-	2	1.325534	I:	D:
6220	8079	-	1	1.325368	I:	D:
8089	8273	-	1	1.327651	I:	D:
>k115_9303
1	750	-	1	1.352844	I:	D:
809	1849	-	2	1.353251	I:	D:
1978	2487	-	1	1.330284	I:	D:
2648	3460	+	2	1.345898	I:	D:
3761	4798	-	2	1.329485	I:	D:
5024	5452	+	2	1.290924	I:	D:
5465	6727	+	2	1.345130	I:	D:
6782	8539	+	2	1.335873	I:	D:
8576	9358	+	2	1.354368	I:	D:
9385	10686	+	1	1.333017	I:	D:
10996	12462	-	1	1.342518	I:	D:
12594	13712	+	3	1.329243	I:	D:
13736	14749	+	2	1.329648	I:	D:
14860	16074	+	1	1.337971	I:	D:
16327	16401	+	1	1.280605	I:	D:
16517	16759	-	2	1.334122	I:	D:
>k115_3856
1	80	+	3	1.280538	I:	D:
458	2065	+	2	1.330199	I:	D:
2069	3985	+	2	1.320231	I:	D:
3994	6165	+	1	1.336412	I:	D:
6225	7847	+	3	1.336047	I:	D:
8292	8993	-	3	1.332133	I:	D:
9113	9684	+	2	1.348507	I:	D:
>k115_7201
5	1381	+	2	1.347277	I:	D:
1785	3188	-	3	1.344293	I:	D:
3284	4120	-	2	1.359603	I:	D:
4220	4521	-	2	1.349306	I:	D:
>k115_4777
1	290	-	3	1.353354	I:	D:
406	561	-	1	1.342242	I:	D:
783	1349	+	3	1.319304	I:	D:
1449	2501	+	3	1.349469	I:	D:
2514	3206	+	3	1.343943	I:	D:
>k115_5563
1	2240	-	3	1.353490	I:	D:
2425	3090	+	1	1.329183	I:	D:
3346	3483	+	1	1.293457	I:	D:
3632	4471	-	2	1.314942	I:	D:
4606	5469	+	1	1.350265	I:	D:
5698	5772	+	1	1.245898	I:	D:
6083	7321	-	2	1.322080	I:	D:
7462	8490	+	1	1.330261	I:	D:
8491	9183	+	1	1.318667	I:	D:
9291	11765	+	3	1.321867	I:	D:
11848	12882	+	1	1.324456	I:	D:
12892	14118	+	1	1.342207	I:	D:
14175	15914	+	3	1.328213	I:	D:
16183	17748	+	1	1.321084	I:	D:
17781	17930	+	3	1.306591	I:	D:
17937	18365	+	3	1.290171	I:	D:
18613	18778	+	1	1.298221	I:	D:
>k115_9317
1	109	-	2	1.344551	I:	D:
293	2755	+	2	1.336549	I:	D:
2776	2862	+	1	1.346427	I:	D:
2987	3121	+	2	1.323407	I:	D:
>k115_343
1	69	+	1	1.275732	I:	D:
178	1440	-	1	1.349265	I:	D:
1478	2251	-	2	1.335403	I:	D:
2321	2579	-	2	1.338758	I:	D:
>k115_7966
1	143	+	3	1.318924	I:	D:
217	294	+	1	1.298790	I:	D:
367	2583	-	1	1.319233	I:	D:
2933	4819	+	2	1.333501	I:	D:
4918	4992	+	1	1.242215	I:	D:
5006	5926	+	2	1.353268	I:	D:
5948	6250	+	2	1.344798	I:	D:
6436	7407	+	1	1.345567	I:	D:
7533	8567	+	3	1.333379	I:	D:
8736	9206	+	3	1.303027	I:	D:
9211	9711	+	1	1.350091	I:	D:
9735	10235	+	3	1.348891	I:	D:
10262	10726	+	2	1.325184	I:	D:
10729	11178	+	1	1.318215	I:	D:
11601	14003	+	3	1.330858	I:	D:
14053	14616	+	1	1.343965	I:	D:
14725	16456	+	1	1.342971	I:	D:
>k115_5574
1	2280	-	1	1.323927	I:	D:
2630	2829	-	2	1.343877	I:	D:
>k115_3115
1	406	-	2	1.336126	I:	D:
541	1524	+	1	1.349672	I:	D:
1529	2719	+	2	1.342311	I:	D:
2749	3663	+	1	1.340812	I:	D:
3774	3893	+	3	1.325066	I:	D:
>k115_4335
1	238	-	2	1.293397	I:	D:
506	604	+	2	1.271582	I:	D:
703	891	+	1	1.353472	I:	D:
933	3080	-	3	1.315507	I:	D:
3189	4418	-	3	1.334436	I:	D:
4458	5117	-	3	1.360703	I:	D:
5137	6444	-	1	1.345906	I:	D:
6582	7784	+	3	1.343412	I:	D:
7871	8143	+	2	1.333224	I:	D:
8263	10143	+	1	1.324959	I:	D:
>k115_6744
1	318	+	1	1.344075	I:	D:
494	628	-	2	1.316768	I:	D:
695	1093	-	2	1.317353	I:	D:
1108	2421	-	1	1.341040	I:	D:
2589	3470	-	3	1.320797	I:	D:
3551	4570	-	2	1.334552	I:	D:
4577	4762	-	2	1.358836	I:	D:
4787	5305	-	2	1.345096	I:	D:
5492	5566	-	2	1.302667	I:	D:
5700	6869	-	3	1.343693	I:	D:
7015	8574	-	1	1.326880	I:	D:
8624	9577	-	2	1.326897	I:	D:
9589	12351	-	1	1.324895	I:	D:
12369	13973	-	3	1.328174	I:	D:
14009	15628	-	2	1.319738	I:	D:
15969	16202	-	3	1.312827	I:	D:
16312	16464	-	1	1.291114	I:	D:
16700	17998	-	2	1.324250	I:	D:
18010	19486	-	1	1.341435	I:	D:
>k115_8505
1	617	+	3	1.310140	I:	D:
1006	2610	+	1	1.302640	I:	D:
2625	2783	+	3	1.288338	I:	D:
3075	3257	-	3	1.358830	I:	D:
3674	4399	+	2	1.321668	I:	D:
4462	4854	-	1	1.303081	I:	D:
4884	5297	-	3	1.372494	I:	D:
5369	6259	-	2	1.370762	I:	D:
6275	6742	-	2	1.324282	I:	D:
6799	7662	-	1	1.328475	I:	D:
7901	8293	-	2	1.374752	I:	D:
8391	9665	-	3	1.348821	I:	D:
9751	10872	-	1	1.340754	I:	D:
11344	14154	-	1	1.341570	I:	D:
14221	15444	-	1	1.333428	I:	D:
15480	16988	-	3	1.354024	I:	D:
16989	17291	-	3	1.349945	I:	D:
17369	20098	-	2	1.360572	I:	D:
>k115_5172
338	1519	+	2	1.356440	I:	D:
1557	1742	+	3	1.318767	I:	D:
1900	2355	+	1	1.314773	I:	D:
2383	2496	+	1	1.322131	I:	D:
2519	3565	+	2	1.329480	I:	D:
3623	4666	-	2	1.341632	I:	D:
4710	5747	-	3	1.338666	I:	D:
5754	6581	-	3	1.332959	I:	D:
6599	8269	-	2	1.349528	I:	D:
8285	9301	-	2	1.346291	I:	D:
9317	9739	-	2	1.334694	I:	D:
10201	11952	-	1	1.325922	I:	D:
12249	13250	-	3	1.322368	I:	D:
13269	13421	+	3	1.312465	I:	D:
13522	13626	+	1	1.315516	I:	D:
13947	15677	+	3	1.318059	I:	D:
15719	16714	+	2	1.348497	I:	D:
16722	18068	+	3	1.315393	I:	D:
18130	18861	+	1	1.324629	I:	D:
19046	19915	+	2	1.323960	I:	D:
19919	20230	+	2	1.334627	I:	D:
>k115_5997
1	580	-	2	1.334287	I:	D:
618	1562	-	3	1.334779	I:	D:
1714	2508	+	1	1.327638	I:	D:
2573	2822	+	2	1.328204	I:	D:
>k115_2289
1	662	+	3	1.358372	I:	D:
810	1070	-	3	1.319559	I:	D:
1266	1358	+	3	1.330577	I:	D:
1694	2758	-	2	1.346398	I:	D:
2765	3334	-	2	1.338945	I:	D:
>k115_7219
1	163	+	2	1.286918	I:	D:
254	1849	+	2	1.331712	I:	D:
1856	2299	+	2	1.329295	I:	D:
2329	3441	-	1	1.366320	I:	D:
3588	4343	+	3	1.331994	I:	D:
4618	5679	-	1	1.313419	I:	D:
5789	6682	-	2	1.305180	I:	D:
6934	8181	-	1	1.306193	I:	D:
8235	9782	-	3	1.305854	I:	D:
9790	10827	-	1	1.285982	I:	D:
10846	10953	+	1	1.304615	I:	D:
11001	11650	-	3	1.326855	I:	D:
>k115_5587
1	348	-	1	1.329907	I:	D:
465	1058	-	3	1.295700	I:	D:
1438	1695	+	1	1.316308	I:	D:
1767	2819	+	3	1.350535	I:	D:
2835	4118	-	3	1.333018	I:	D:
4261	5043	+	1	1.339514	I:	D:
5221	6126	+	1	1.349621	I:	D:
6236	6787	-	2	1.345380	I:	D:
6978	7136	-	3	1.321510	I:	D:
>k115_8515
1	978	+	1	1.334002	I:	D:
1378	1887	-	1	1.322334	I:	D:
1942	2517	-	1	1.332250	I:	D:
2525	3988	-	2	1.351465	I:	D:
4064	4327	-	2	1.315936	I:	D:
>k115_646
1	93	-	1	1.303845	I:	D:
171	266	+	3	1.300195	I:	D:
423	1448	-	3	1.346275	I:	D:
1575	2543	-	3	1.327191	I:	D:
3158	4018	-	2	1.331424	I:	D:
4216	4398	+	1	1.322291	I:	D:
4622	5539	-	2	1.316617	I:	D:
>k115_3485
57	467	-	3	1.324759	I:	D:
480	998	-	3	1.342113	I:	D:
1021	2301	-	1	1.352247	I:	D:
2501	3256	-	2	1.331733	I:	D:
3304	5286	-	1	1.322420	I:	D:
5319	5966	-	3	1.342024	I:	D:
6146	6265	+	2	1.300301	I:	D:
6547	6762	+	1	1.330971	I:	D:
6987	7292	-	3	1.338959	I:	D:
7295	7720	-	2	1.318885	I:	D:
7909	9786	+	1	1.351456	I:	D:
9845	10375	+	2	1.345561	I:	D:
10712	12547	+	2	1.333818	I:	D:
12578	13030	+	2	1.334195	I:	D:
13035	13406	+	3	1.307912	I:	D:
13451	14362	+	2	1.322301	I:	D:
14933	15910	-	2	1.327622	I:	D:
15937	18765	+	1	1.335137	I:	D:
19125	20372	+	3	1.341119	I:	D:
20399	20863	+	2	1.349176	I:	D:
20884	21306	+	1	1.324283	I:	D:
21327	21860	+	3	1.359137	I:	D:
21918	23138	-	3	1.335059	I:	D:
23270	24757	+	2	1.338609	I:	D:
24852	25169	-	3	1.314141	I:	D:
25303	25563	+	1	1.362833	I:	D:
25806	28472	+	3	1.348461	I:	D:
28521	28637	-	3	1.324763	I:	D:
28708	29811	-	1	1.315448	I:	D:
29819	30811	-	2	1.308204	I:	D:
31232	32074	-	2	1.358433	I:	D:
32093	33196	-	2	1.315875	I:	D:
33335	34234	-	2	1.326232	I:	D:
34284	35546	-	3	1.309176	I:	D:
35802	36038	-	3	1.259762	I:	D:
36406	37008	+	1	1.339832	I:	D:
37012	38052	+	1	1.355531	I:	D:
38205	38301	-	3	1.309501	I:	D:
>k115_6359
376	1035	-	1	1.335142	I:	D:
1318	2931	+	1	1.320839	I:	D:
3238	3330	+	1	1.313542	I:	D:
3361	3576	+	1	1.356247	I:	D:
4180	5544	-	1	1.308369	I:	D:
5573	6883	-	2	1.317069	I:	D:
6939	8387	-	3	1.315838	I:	D:
8421	9281	-	3	1.342260	I:	D:
9286	10671	-	1	1.351654	I:	D:
10717	11820	-	1	1.325065	I:	D:
12038	12187	-	2	1.319988	I:	D:
12259	13530	-	1	1.352722	I:	D:
13590	14921	-	3	1.333843	I:	D:
14998	16269	-	1	1.334137	I:	D:
16321	17781	-	1	1.318863	I:	D:
17834	18367	-	2	1.334812	I:	D:
>k115_1779
751	942	-	1	1.265111	I:	D:
958	4554	-	1	1.316875	I:	D:
4887	6011	+	3	1.355747	I:	D:
6021	7805	-	3	1.341123	I:	D:
7880	9181	-	2	1.353519	I:	D:
9403	9631	-	1	1.369430	I:	D:
>k115_7220
287	379	-	2	1.294481	I:	D:
467	1750	+	2	1.344484	I:	D:
1942	2136	+	1	1.287418	I:	D:
2622	3440	-	3	1.364382	I:	D:
3462	4637	-	3	1.358948	I:	D:
4642	5386	-	1	1.367186	I:	D:
>k115_5591
269	343	+	2	1.306555	I:	D:
526	1863	-	1	1.337986	I:	D:
1870	2007	-	1	1.352727	I:	D:
2010	2255	-	3	1.309150	I:	D:
2366	2839	-	2	1.343183	I:	D:
2843	4537	-	2	1.328701	I:	D:
4722	5609	-	3	1.326285	I:	D:
5945	6718	-	2	1.365070	I:	D:
6743	8296	-	2	1.350670	I:	D:
8352	8441	+	3	1.337238	I:	D:
8489	8683	+	2	1.318344	I:	D:
8833	9314	-	1	1.310112	I:	D:
>k115_1789
2	361	-	2	1.329527	I:	D:
371	454	+	2	1.305656	I:	D:
458	1489	+	2	1.308182	I:	D:
1705	2875	+	1	1.363595	I:	D:
>k115_3121
1	86	+	3	1.330428	I:	D:
252	530	+	3	1.316775	I:	D:
802	2373	+	1	1.333716	I:	D:
2427	2651	+	3	1.313973	I:	D:
2723	5218	-	2	1.338773	I:	D:
5223	5408	-	3	1.347216	I:	D:
5700	6836	-	3	1.363079	I:	D:
6844	8778	-	1	1.355894	I:	D:
9147	9221	+	3	1.303189	I:	D:
9384	11009	-	3	1.337611	I:	D:
>k115_383
1	254	-	3	1.358672	I:	D:
319	465	+	1	1.349793	I:	D:
479	1129	+	2	1.322620	I:	D:
1136	1594	+	2	1.333376	I:	D:
1628	1834	+	2	1.346796	I:	D:
2033	2368	-	2	1.323524	I:	D:
2372	2968	-	2	1.337198	I:	D:
3018	3465	-	3	1.339312	I:	D:
>k115_1790
1	1060	-	2	1.330780	I:	D:
1152	2360	-	3	1.323862	I:	D:
2362	3108	-	1	1.324393	I:	D:
3147	5347	+	3	1.331713	I:	D:
>k115_3897
1	96	+	1	1.312313	I:	D:
188	760	-	2	1.314247	I:	D:
772	1647	-	1	1.296014	I:	D:
1846	2001	-	1	1.361120	I:	D:
2130	2336	-	3	1.320489	I:	D:
2346	4580	-	3	1.328041	I:	D:
4694	4945	-	2	1.346368	I:	D:
5402	7594	+	2	1.328082	I:	D:
7820	9742	-	2	1.315289	I:	D:
10075	10203	+	1	1.374144	I:	D:
10483	11922	-	1	1.333052	I:	D:
12203	13552	+	2	1.339661	I:	D:
13618	14310	+	1	1.348423	I:	D:
14371	15129	+	1	1.336808	I:	D:
15130	17748	+	1	1.335727	I:	D:
17811	18329	+	3	1.324179	I:	D:
18413	18916	+	2	1.304704	I:	D:
18941	19069	-	2	1.361176	I:	D:
19101	19610	+	3	1.317469	I:	D:
19615	20183	+	1	1.355535	I:	D:
>k115_2568
1	157	+	2	1.321294	I:	D:
723	1154	-	3	1.330509	I:	D:
1450	2163	+	1	1.353495	I:	D:
2178	2390	+	3	1.338718	I:	D:
2651	5449	+	2	1.329190	I:	D:
>k115_6362
177	1478	-	3	1.348525	I:	D:
1599	2717	-	3	1.348472	I:	D:
2806	3792	-	1	1.315342	I:	D:
3905	5392	-	2	1.334574	I:	D:
5582	5800	+	2	1.306664	I:	D:
5833	5937	+	1	1.324983	I:	D:
5984	7519	+	2	1.330694	I:	D:
7531	7699	+	1	1.342314	I:	D:
>k115_8014
1	203	-	3	1.322517	I:	D:
560	1780	+	2	1.327725	I:	D:
1789	3693	+	1	1.307704	I:	D:
4240	4350	+	1	1.328286	I:	D:
4393	5121	-	1	1.372874	I:	D:
5200	5298	-	1	1.281201	I:	D:
5323	5712	-	1	1.351532	I:	D:
5774	5965	+	2	1.316229	I:	D:
5998	7122	+	1	1.362152	I:	D:
7194	7769	+	3	1.342316	I:	D:
>k115_5606
1	572	-	3	1.329100	I:	D:
620	2890	-	2	1.341315	I:	D:
3163	4386	-	1	1.314670	I:	D:
4473	5186	+	3	1.331574	I:	D:
>k115_8021
1	935	-	3	1.371168	I:	D:
1177	2535	+	1	1.342105	I:	D:
2541	3218	+	3	1.356342	I:	D:
3356	3603	-	2	1.324867	I:	D:
>k115_3522
1	83	-	3	1.321236	I:	D:
242	367	+	2	1.362271	I:	D:
378	3245	-	3	1.339450	I:	D:
3400	3540	+	1	1.342244	I:	D:
3595	4920	+	1	1.341522	I:	D:
5015	5236	+	2	1.368937	I:	D:
5240	5413	+	2	1.326329	I:	D:
5700	6521	+	3	1.335436	I:	D:
6648	6785	+	3	1.349126	I:	D:
6847	7098	+	1	1.320657	I:	D:
7112	7330	+	2	1.331286	I:	D:
7609	7707	+	1	1.253803	I:	D:
7717	7860	+	1	1.358450	I:	D:
7993	8373	-	1	1.333163	I:	D:
>k115_1399
1	119	+	3	1.347061	I:	D:
130	1320	+	1	1.317931	I:	D:
1457	1660	+	2	1.320916	I:	D:
1675	2220	+	1	1.310936	I:	D:
2275	2715	+	1	1.309973	I:	D:
2737	3429	+	1	1.292770	I:	D:
3448	3966	+	1	1.296932	I:	D:
4025	4405	+	2	1.275057	I:	D:
4570	8379	+	1	1.311194	I:	D:
8406	12770	+	3	1.337071	I:	D:
12776	12916	+	2	1.328120	I:	D:
12966	13337	+	3	1.306003	I:	D:
13363	14040	+	1	1.329307	I:	D:
14045	14743	+	2	1.305211	I:	D:
14754	15062	+	3	1.320908	I:	D:
15436	16143	+	1	1.312000	I:	D:
16386	17807	+	3	1.321056	I:	D:
17890	18210	+	1	1.314783	I:	D:
18455	19519	+	2	1.293710	I:	D:
19542	19652	+	3	1.293634	I:	D:
19853	20236	+	2	1.336500	I:	D:
20465	20941	+	2	1.313291	I:	D:
20971	23088	+	1	1.305763	I:	D:
23179	23484	+	1	1.318885	I:	D:
23536	24779	+	1	1.336258	I:	D:24147,
24802	25245	+	1	1.278099	I:	D:
25253	26080	+	2	1.331885	I:	D:
26103	26369	+	3	1.334326	I:	D:
26401	26811	+	1	1.315956	I:	D:
26820	27551	+	3	1.308906	I:	D:
27566	27994	+	2	1.323149	I:	D:
28000	28194	+	1	1.262339	I:	D:
28197	28463	+	3	1.299487	I:	D:
28466	28831	+	2	1.305900	I:	D:
28852	29169	+	1	1.295675	I:	D:
29250	29717	+	3	1.293565	I:	D:
29730	30032	+	3	1.313058	I:	D:
30139	30534	+	1	1.318145	I:	D:
30549	31115	+	3	1.290566	I:	D:
31137	31481	+	3	1.305777	I:	D:
31488	32000	+	3	1.286927	I:	D:
32019	32195	+	3	1.296522	I:	D:
32221	32667	+	1	1.296285	I:	D:
32672	34012	+	2	1.317241	I:	D:
34210	34428	+	1	1.276881	I:	D:
34442	34558	+	2	1.331735	I:	D:
34653	35033	+	3	1.331129	I:	D:
35117	35506	+	2	1.318095	I:	D:
35545	36153	+	1	1.327062	I:	D:
36168	37166	+	3	1.312059	I:	D:
37239	37721	+	3	1.307507	I:	D:
38001	38555	+	3	1.293673	I:	D:
38702	40123	-	2	1.352396	I:	D:
40162	42093	-	1	1.357498	I:	D:
42154	42234	+	1	1.283201	I:	D:
42729	43478	+	3	1.317262	I:	D:
43893	44753	+	3	1.312541	I:	D:
44792	44923	-	2	1.360164	I:	D:
45105	45758	-	3	1.322348	I:	D:
45868	47082	-	1	1.340865	I:	D:
47128	48567	-	1	1.334649	I:	D:
48892	49898	+	1	1.323425	I:	D:
>k115_1044
1	146	-	3	1.291667	I:	D:
300	1010	-	3	1.332243	I:	D:
1017	1670	-	3	1.359320	I:	D:
1787	2008	+	2	1.300111	I:	D:
2177	3550	-	2	1.325375	I:	D:
3556	4833	-	1	1.339309	I:	D:
4899	5185	+	3	1.300644	I:	D:
>k115_3128
1	112	+	2	1.312656	I:	D:
229	417	+	1	1.369970	I:	D:
614	2032	+	2	1.349851	I:	D:
2130	2315	-	3	1.309802	I:	D:
>k115_4372
1	2396	+	3	1.326788	I:	D:
2491	3744	+	1	1.298629	I:	D:
3901	5013	+	1	1.331269	I:	D:
5025	6221	+	3	1.323946	I:	D:
6256	7524	+	1	1.328818	I:	D:
7731	8801	+	3	1.316864	I:	D:
8884	9801	+	1	1.292748	I:	D:
9895	11142	+	1	1.320752	I:	D:
11185	11775	+	1	1.331012	I:	D:
12162	13646	+	3	1.325047	I:	D:
13655	14227	+	2	1.352730	I:	D:
14351	16384	+	2	1.352727	I:	D:
16403	17518	+	2	1.348568	I:	D:
17554	18546	+	1	1.340084	I:	D:
18772	18852	+	1	1.299864	I:	D:
18902	19042	+	2	1.328790	I:	D:
19060	19215	-	1	1.330599	I:	D:
19517	20180	-	2	1.348232	I:	D:
>k115_3924
65	139	-	2	1.262684	I:	D:
283	1749	+	1	1.315076	I:	D:
2002	2073	+	1	1.281582	I:	D:
2081	2227	+	2	1.368923	I:	D:
2602	3642	+	1	1.337720	I:	D:
3725	4710	+	2	1.346732	I:	D:
>k115_8040
1	257	-	3	1.313274	I:	D:
405	1688	-	3	1.326703	I:	D:
1752	2441	-	3	1.358928	I:	D:
2572	2733	+	1	1.335003	I:	D:
2777	3513	+	2	1.369456	I:	D:
>k115_2359
1	121	+	2	1.312808	I:	D:
179	1117	-	2	1.338222	I:	D:
1242	1559	-	3	1.328034	I:	D:
1633	2613	-	1	1.317804	I:	D:
2651	3979	-	2	1.325860	I:	D:
3992	6574	-	2	1.339323	I:	D:
6593	6769	-	2	1.252730	I:	D:
6782	7828	+	2	1.317850	I:	D:
7829	8410	+	2	1.357597	I:	D:
8413	9045	+	1	1.346489	I:	D:
9225	9881	-	3	1.311896	I:	D:
10019	10543	+	2	1.333827	I:	D:
10572	10664	+	3	1.363611	I:	D:
10667	10770	-	2	1.305215	I:	D:
>k115_6754
1	128	-	3	1.348253	I:	D:
144	665	-	3	1.329033	I:	D:
896	1144	-	2	1.301019	I:	D:
1146	1409	-	3	1.324153	I:	D:
1482	2045	-	3	1.320768	I:	D:
2141	2368	+	2	1.362777	I:	D:
2524	3804	-	1	1.345893	I:	D:
4019	4183	-	2	1.303205	I:	D:
4611	6332	+	3	1.343229	I:	D:
6339	7568	+	3	1.309328	I:	D:
7598	8287	+	2	1.317686	I:	D:
8307	9431	-	3	1.334853	I:	D:
9456	9572	-	3	1.319932	I:	D:
9763	10848	-	1	1.322107	I:	D:
10903	11970	-	1	1.357063	I:	D:
12064	12393	-	1	1.330946	I:	D:
12451	12732	-	1	1.283859	I:	D:
12905	14665	-	2	1.331197	I:	D:
15342	17777	+	3	1.361579	I:	D:
17801	19042	+	2	1.348275	I:	D:
19084	19701	+	1	1.349187	I:	D:
19708	19878	+	1	1.345116	I:	D:
20118	20723	-	3	1.328600	I:	D:
21087	22445	-	3	1.315220	I:	D:
22466	23944	-	2	1.313630	I:	D:
23994	25304	-	3	1.309193	I:	D:
25420	25800	-	1	1.288228	I:	D:
25888	26973	-	1	1.306743	I:	D:
27096	27269	+	3	1.295256	I:	D:
27308	27427	-	2	1.315941	I:	D:
27556	27858	-	1	1.233453	I:	D:
>k115_1070
1	836	+	3	1.296315	I:	D:
882	1070	+	3	1.343629	I:	D:
1101	2117	+	3	1.330372	I:	D:
2120	3016	+	2	1.322984	I:	D:
3097	3880	-	1	1.306848	I:	D:
>k115_5195
1	1617	-	1	1.330470	I:	D:
1651	2346	-	1	1.322540	I:	D:
2426	3835	+	2	1.313155	I:	D:
3881	4630	+	2	1.345367	I:	D:
4665	6194	+	3	1.324563	I:	D:
6218	6376	+	2	1.346393	I:	D:
6477	6632	-	3	1.318639	I:	D:
6833	7219	+	2	1.292375	I:	D:
7300	7632	-	1	1.335415	I:	D:
7888	11148	-	1	1.319562	I:	D:
11264	11986	-	2	1.307145	I:	D:
11997	12527	-	3	1.309923	I:	D:
12557	13819	-	2	1.324829	I:	D:
14043	14639	-	3	1.335708	I:	D:
14753	15208	-	2	1.294692	I:	D:
15649	16251	-	1	1.304456	I:	D:
16407	17756	+	3	1.358394	I:	D:
17788	18414	+	1	1.333092	I:	D:
18422	18928	+	2	1.360256	I:	D:
18954	20102	+	3	1.327002	I:	D:
20161	20571	+	1	1.340531	I:	D:
20597	21541	+	2	1.353244	I:	D:
21547	22644	+	1	1.349589	I:	D:
22717	22866	-	1	1.291861	I:	D:
22929	23504	-	3	1.291719	I:	D:
23556	24950	-	3	1.338467	I:	D:
24970	25701	-	1	1.341038	I:	D:
25994	26545	+	2	1.312192	I:	D:
26564	27352	+	2	1.328951	I:	D:
27425	28672	+	2	1.308913	I:	D:
28865	29071	+	2	1.306540	I:	D:
29210	29920	-	2	1.315288	I:	D:
29935	30648	-	1	1.317244	I:	D:
30704	31231	-	2	1.318381	I:	D:
31341	32759	+	3	1.342984	I:	D:
33282	34319	-	3	1.342729	I:	D:
34360	34458	+	1	1.252440	I:	D:
34544	35164	+	2	1.353359	I:	D:
35171	37194	+	2	1.320418	I:	D:
>k115_2360
1	367	+	2	1.347534	I:	D:
705	2012	+	3	1.310836	I:	D:
2362	2928	+	1	1.313094	I:	D:
3122	4681	+	2	1.323700	I:	D:
4789	4992	+	1	1.348897	I:	D:
5133	5360	+	3	1.390796	I:	D:
5479	6579	-	1	1.323598	I:	D:
6611	7201	-	2	1.318093	I:	D:
7305	8492	-	3	1.322953	I:	D:
8543	9141	-	2	1.317074	I:	D:
>k115_5649
174	1154	-	3	1.334020	I:	D:
1160	2461	-	2	1.325163	I:	D:
2476	2859	-	1	1.319066	I:	D:
2879	5476	-	2	1.337688	I:	D:
5571	6308	+	3	1.345477	I:	D:
>k115_6768
1	562	+	2	1.328005	I:	D:
600	1010	+	3	1.332252	I:	D:
1101	1610	-	3	1.321322	I:	D:
1755	1898	+	3	1.336554	I:	D:
1921	2115	+	1	1.332476	I:	D:
2225	2500	-	2	1.323607	I:	D:
2524	2664	+	1	1.301151	I:	D:
2705	3893	+	2	1.343802	I:	D:
>k115_7287
1	155	+	3	1.298573	I:	D:
304	768	+	1	1.344074	I:	D:
817	2685	+	1	1.346352	I:	D:
2697	3719	+	3	1.352337	I:	D:
3764	4810	+	2	1.365549	I:	D:
4815	5519	-	3	1.344924	I:	D:
5529	6584	-	3	1.337059	I:	D:
6668	6826	+	2	1.352912	I:	D:
7280	9373	-	2	1.324920	I:	D:
9705	10337	+	3	1.318519	I:	D:
10338	10751	+	3	1.315835	I:	D:
10897	11532	-	1	1.327273	I:	D:
11665	12255	+	1	1.352613	I:	D:
12552	13544	+	3	1.343242	I:	D:
13545	15086	+	3	1.343823	I:	D:
15204	16136	+	3	1.332410	I:	D:
>k115_5651
1	245	+	3	1.317393	I:	D:
393	1796	-	3	1.338047	I:	D:
1846	1935	+	1	1.287483	I:	D:
2023	3153	-	1	1.345237	I:	D:
3163	4089	-	1	1.340039	I:	D:
4217	4870	-	2	1.336397	I:	D:
4991	5317	+	2	1.303492	I:	D:
>k115_1076
1	137	+	3	1.356963	I:	D:
247	966	+	1	1.371596	I:	D:
974	1216	+	2	1.329045	I:	D:
1219	1653	+	1	1.344131	I:	D:
1968	2399	+	3	1.356702	I:	D:
2515	3441	+	1	1.344479	I:	D:
3461	3781	+	2	1.334752	I:	D:
3911	4504	-	2	1.347242	I:	D:
4510	4809	-	1	1.357622	I:	D:
4922	5827	-	2	1.329215	I:	D:
5870	6064	-	2	1.358205	I:	D:
6474	6638	+	3	1.246904	I:	D:
6782	7228	+	2	1.380107	I:	D:
7447	7938	-	1	1.368466	I:	D:
8108	8326	+	2	1.348277	I:	D:
8509	10242	-	1	1.326313	I:	D:
10508	10608	-	2	1.224777	I:	D:
>k115_6067
1	277	-	2	1.340607	I:	D:
349	1314	-	1	1.353370	I:	D:
1320	3389	-	3	1.323354	I:	D:
3402	3530	-	3	1.322905	I:	D:
>k115_5203
1	507	-	1	1.309958	I:	D:
616	1671	-	1	1.324016	I:	D:
1731	3047	-	3	1.335335	I:	D:
3205	3300	+	1	1.297792	I:	D:
3400	3861	+	1	1.334225	I:	D:
3977	4657	+	2	1.344603	I:	D:
>k115_1819
1	124	+	2	1.358156	I:	D:
212	721	-	2	1.341137	I:	D:
815	2770	-	2	1.338063	I:	D:
2786	3976	-	2	1.319941	I:	D:
4010	4150	+	2	1.329871	I:	D:
4249	5523	-	1	1.330427	I:	D:
5536	5864	-	1	1.366199	I:	D:
>k115_4402
220	663	-	1	1.369453	I:	D:
850	6633	+	1	1.333637	I:	D:
6749	7555	+	2	1.365807	I:	D:
7741	7881	-	1	1.324004	I:	D:
>k115_9743
1	424	+	2	1.346806	I:	D:
517	978	-	1	1.310367	I:	D:
1052	1513	-	2	1.340353	I:	D:
1632	1763	+	3	1.322376	I:	D:
1988	2857	+	2	1.339418	I:	D:
3046	5952	-	1	1.340167	I:	D:
6233	6331	+	2	1.321404	I:	D:
6359	6589	+	2	1.347429	I:	D:
>k115_6395
167	385	+	2	1.311800	I:	D:
415	576	+	1	1.278120	I:	D:
635	2482	+	2	1.352737	I:	D:
2509	3648	+	1	1.364284	I:	D:
3650	4672	+	2	1.365326	I:	D:
4677	5555	+	3	1.342485	I:	D:
5557	6519	+	1	1.324220	I:	D:
6572	7954	+	2	1.326866	I:	D:
8032	9387	+	1	1.334222	I:	D:
9395	10360	+	2	1.345778	I:	D:
10422	11867	-	3	1.344362	I:	D:
11934	12515	-	3	1.333158	I:	D:
12523	13095	-	1	1.327179	I:	D:
13107	13985	-	3	1.319529	I:	D:
14101	14487	-	1	1.350805	I:	D:
14659	14892	+	1	1.346701	I:	D:
15273	19025	+	3	1.333589	I:	D:
19028	19639	+	2	1.340532	I:	D:
19642	20217	+	1	1.349345	I:	D:
20305	21858	+	1	1.334038	I:	D:
21894	21974	+	3	1.315832	I:	D:
22206	22454	+	3	1.329406	I:	D:
22860	24021	-	3	1.339190	I:	D:
>k115_1440
1	1037	+	3	1.334328	I:	D:
1054	2547	+	1	1.335457	I:	D:
2587	3230	+	1	1.318226	I:	D:
>k115_3959
1	485	-	3	1.368499	I:	D:
894	977	+	3	1.301635	I:	D:
1072	1212	+	1	1.381076	I:	D:
1425	1601	+	3	1.395700	I:	D:
1620	2042	+	3	1.340065	I:	D:
2095	2502	+	1	1.341958	I:	D:
2518	2709	+	1	1.360859	I:	D:
2746	2952	+	1	1.365707	I:	D:
2992	3165	-	1	1.309898	I:	D:
3369	4031	+	3	1.332146	I:	D:
4153	5241	+	1	1.368284	I:	D:
5522	6430	-	2	1.345915	I:	D:
6502	7377	-	1	1.349277	I:	D:
7500	7643	+	3	1.267450	I:	D:
7764	8225	-	3	1.328815	I:	D:
8920	9012	-	1	1.258518	I:	D:
9094	10119	-	1	1.313300	I:	D:
10301	10798	+	2	1.373766	I:	D:
10914	11030	-	3	1.333631	I:	D:
11267	12088	-	2	1.313930	I:	D:
12143	12377	-	2	1.380500	I:	D:
>k115_4887
1	454	+	2	1.331420	I:	D:
462	923	+	3	1.346343	I:	D:
1215	2495	+	3	1.326665	I:	D:
2747	2896	+	2	1.301651	I:	D:
>k115_3602
1	184	+	2	1.343919	I:	D:
268	429	+	1	1.343103	I:	D:
581	748	-	2	1.340058	I:	D:
829	1023	+	1	1.314591	I:	D:
1256	1684	+	2	1.341724	I:	D:
1777	2737	-	1	1.353724	I:	D:
>k115_1091
1	981	-	1	1.345817	I:	D:
1076	2125	+	2	1.342638	I:	D:
2200	2370	+	1	1.327240	I:	D:
2510	3373	-	2	1.350095	I:	D:
3396	4343	-	3	1.350750	I:	D:
4513	4632	-	1	1.317177	I:	D:
4807	5694	+	1	1.358129	I:	D:
6071	8044	-	2	1.335184	I:	D:
8049	9908	-	3	1.327072	I:	D:
9948	11279	-	3	1.343595	I:	D:
11538	11697	-	3	1.309571	I:	D:
>k115_6076
1	265	+	2	1.383949	I:	D:
351	1436	-	3	1.364096	I:	D:
1443	2501	-	3	1.347826	I:	D:
2533	3999	-	1	1.354902	I:	D:
4015	5031	-	1	1.336525	I:	D:
5049	6320	-	3	1.348343	I:	D:
7047	7946	+	3	1.347871	I:	D:
8052	8351	+	3	1.327518	I:	D:
8444	8812	-	2	1.302929	I:	D:
8993	9064	+	2	1.240546	I:	D:
9069	9866	+	3	1.349670	I:	D:
9868	10743	+	1	1.339193	I:	D:
10809	11555	-	3	1.344936	I:	D:
11788	11955	+	1	1.362938	I:	D:
11970	12068	-	3	1.282413	I:	D:
12496	14874	-	1	1.324093	I:	D:
14876	17362	-	2	1.318195	I:	D:
17395	17535	-	1	1.303517	I:	D:
17572	17808	-	1	1.322208	I:	D:
17918	18655	-	2	1.410557	I:	D:
18827	19285	-	2	1.382116	I:	D:
19368	19727	-	3	1.292948	I:	D:
19801	20695	-	1	1.334173	I:	D:
>k115_1467
1	180	-	1	1.380913	I:	D:
263	1459	+	2	1.346598	I:	D:
1464	2594	+	3	1.365862	I:	D:
3100	3618	-	1	1.316891	I:	D:
3726	4259	-	3	1.350497	I:	D:
4625	4788	-	2	1.343124	I:	D:
>k115_7339
14	850	-	2	1.334110	I:	D:
860	1129	-	2	1.310444	I:	D:
1165	1704	-	1	1.319276	I:	D:
1721	2254	-	2	1.329055	I:	D:
2295	3389	-	3	1.342139	I:	D:
3436	4341	-	1	1.335191	I:	D:
>k115_1845
1	86	+	3	1.266472	I:	D:
297	1223	-	3	1.336586	I:	D:
1235	2977	-	2	1.353928	I:	D:
3021	3908	-	3	1.338370	I:	D:
4145	4714	+	2	1.318738	I:	D:
4740	5414	+	3	1.333323	I:	D:
5436	7532	+	3	1.346569	I:	D:
7799	8800	+	2	1.353073	I:	D:
>k115_2591
1	1461	+	1	1.418689	I:	D:
1631	2212	-	2	1.347747	I:	D:
2313	2465	+	3	1.250815	I:	D:
2887	3945	+	1	1.362425	I:	D:
4427	4639	+	2	1.295294	I:	D:
4679	5941	+	2	1.273612	I:	D:
6010	6369	+	1	1.279846	I:	D:
6393	7982	+	3	1.301841	I:	D:
>k115_9758
1	716	-	3	1.314642	I:	D:
824	2101	-	2	1.361795	I:	D:
2146	3477	-	1	1.344392	I:	D:
3491	4342	-	2	1.343998	I:	D:
4387	5919	-	1	1.334935	I:	D:
6214	6321	+	1	1.298532	I:	D:
>k115_6776
1	722	+	3	1.350743	I:	D:
807	1010	-	3	1.322274	I:	D:
1291	1890	-	1	1.334956	I:	D:
2105	3628	+	2	1.339655	I:	D:
3704	5728	+	2	1.342270	I:	D:
5879	6988	-	2	1.335112	I:	D:
7016	7084	+	2	1.260322	I:	D:
7157	7276	+	2	1.310952	I:	D:
7359	7517	+	3	1.304097	I:	D:
7527	8501	-	3	1.348037	I:	D:
8532	9611	-	3	1.349286	I:	D:
9618	11894	+	3	1.345424	I:	D:
11903	12715	+	2	1.333368	I:	D:
12848	12922	+	2	1.289199	I:	D:
13165	14862	+	1	1.344193	I:	D:
15227	15313	+	2	1.271909	I:	D:
15339	16160	+	3	1.332833	I:	D:
16261	18732	+	1	1.352167	I:	D:
18786	18974	+	3	1.318531	I:	D:
19016	19132	-	2	1.312652	I:	D:
19266	21167	-	3	1.323736	I:	D:
21286	21792	-	1	1.296086	I:	D:
21819	22436	-	3	1.383976	I:	D:
22471	23982	-	1	1.331228	I:	D:
24028	24675	-	1	1.336146	I:	D:
24851	25360	-	2	1.357384	I:	D:
25410	25961	-	3	1.326872	I:	D:
26022	26555	-	3	1.323464	I:	D:
26564	27364	-	2	1.321344	I:	D:
27700	28638	-	1	1.374218	I:	D:
28686	30668	-	3	1.345626	I:	D:
30710	31579	-	2	1.347849	I:	D:
31600	32178	-	1	1.333514	I:	D:
32180	33184	-	2	1.335260	I:	D:
33228	33813	-	3	1.329975	I:	D:
>k115_3637
1	1613	+	3	1.338790	I:	D:
1692	2225	+	3	1.325820	I:	D:
2503	2778	-	1	1.340014	I:	D:
2786	3901	-	2	1.340465	I:	D:
4033	4311	-	1	1.346207	I:	D:
4341	4574	-	3	1.312964	I:	D:
4855	5232	-	1	1.306826	I:	D:
5241	5636	-	3	1.299099	I:	D:
>k115_8074
1	800	+	3	1.381981	I:	D:
982	1950	+	1	1.367299	I:	D:
1955	2416	+	2	1.343329	I:	D:
2600	2719	+	2	1.382877	I:	D:
2744	3175	+	2	1.375093	I:	D:
3201	4238	+	3	1.365070	I:	D:
4711	5445	+	1	1.381537	I:	D:
5843	8002	+	2	1.384119	I:	D:
8108	8428	+	2	1.353715	I:	D:
8484	9248	+	3	1.372646	I:	D:
9809	10330	+	2	1.342893	I:	D:
10523	10939	+	2	1.312970	I:	D:
11011	11457	+	1	1.341585	I:	D:
11811	12803	+	3	1.276831	I:	D:
12842	13984	+	2	1.279742	I:	D:
14273	15205	+	2	1.390025	I:	D:
15309	15443	+	3	1.295731	I:	D:
15646	16869	+	1	1.334150	I:	D:
16883	16981	-	2	1.243528	I:	D:
16986	17189	+	3	1.304772	I:	D:
17204	18253	+	2	1.308655	I:	D:
18339	21050	+	3	1.318082	I:	D:
21054	22475	+	3	1.320442	I:	D:
22481	23641	+	2	1.319624	I:	D:
23653	25017	+	1	1.318188	I:	D:
25025	25138	+	2	1.318958	I:	D:
25492	26349	+	1	1.329816	I:	D:
26377	27558	-	1	1.295476	I:	D:
27680	27775	+	2	1.306183	I:	D:
27833	27955	+	2	1.279982	I:	D:
27976	28191	+	1	1.255743	I:	D:
28252	28899	-	1	1.318288	I:	D:
28902	29807	-	3	1.332919	I:	D:
29819	30172	-	2	1.337006	I:	D:
30314	30747	-	2	1.336768	I:	D:
>k115_1490
1	157	+	2	1.294068	I:	D:
375	500	+	3	1.331391	I:	D:
793	1356	-	1	1.324980	I:	D:
1415	1546	+	2	1.376933	I:	D:
1587	2375	-	3	1.331812	I:	D:
2399	3219	-	2	1.320505	I:	D:
>k115_9768
1	206	+	3	1.308366	I:	D:
250	633	+	1	1.351124	I:	D:
681	1517	+	3	1.353553	I:	D:
1943	3049	+	2	1.352040	I:	D:
3097	3270	-	1	1.353008	I:	D:
3273	3443	+	3	1.318956	I:	D:
3757	4107	+	1	1.321933	I:	D:
4128	4757	+	3	1.346511	I:	D:
>k115_6777
31	639	+	1	1.353017	I:	D:
727	801	+	1	1.319852	I:	D:
829	3138	-	1	1.333154	I:	D:
3172	4293	-	1	1.330382	I:	D:
4334	5107	-	2	1.351214	I:	D:
5131	6039	-	1	1.326112	I:	D:
6081	6848	-	3	1.323535	I:	D:
6959	7729	+	2	1.364499	I:	D:
7781	8923	+	2	1.334588	I:	D:
9009	9119	-	3	1.324631	I:	D:
9434	10069	-	2	1.353370	I:	D:
10105	11562	-	1	1.343361	I:	D:
11638	12330	-	1	1.333157	I:	D:
12357	13907	-	3	1.326141	I:	D:
14585	16731	+	2	1.334773	I:	D:
>k115_6440
1	201	-	1	1.402233	I:	D:
292	2211	-	1	1.328351	I:	D:
2382	2537	+	3	1.296196	I:	D:
2733	2909	+	3	1.363383	I:	D:
3012	3128	+	3	1.334369	I:	D:
3175	3390	+	1	1.337185	I:	D:
3512	3586	-	2	1.205592	I:	D:
3657	4595	+	3	1.306508	I:	D:
4642	4788	+	1	1.271523	I:	D:
4840	7203	+	1	1.321652	I:	D:
7324	9207	+	1	1.312072	I:	D:
9222	9293	+	3	1.281163	I:	D:
9312	9800	+	3	1.303165	I:	D:
9810	11483	+	3	1.331290	I:	D:
11496	12263	+	3	1.312265	I:	D:
12300	12956	+	3	1.319106	I:	D:
13108	13632	-	1	1.361372	I:	D:
13844	14668	+	2	1.355667	I:	D:
14688	15380	+	3	1.321999	I:	D:
15721	15803	-	1	1.302035	I:	D:
>k115_7380
1	685	+	2	1.358735	I:	D:
798	944	+	3	1.336995	I:	D:
1086	2510	+	3	1.354185	I:	D:
2801	4132	+	2	1.324909	I:	D:
4386	4604	+	3	1.311669	I:	D:
4987	9129	+	1	1.314605	I:	D:
9142	10074	+	1	1.346138	I:	D:
10117	10422	+	1	1.283303	I:	D:
10666	10742	-	1	1.281219	I:	D:
>k115_6113
1	174	+	1	1.316321	I:	D:
245	2398	+	2	1.339744	I:	D:
2487	2831	-	3	1.314051	I:	D:
2869	3066	-	1	1.359446	I:	D:
3180	3869	-	3	1.305984	I:	D:
4031	5104	-	2	1.309992	I:	D:
5203	5739	-	1	1.246628	I:	D:
5757	6029	-	3	1.322442	I:	D:
6032	6376	-	2	1.314723	I:	D:
6466	6657	+	1	1.297382	I:	D:
6721	7428	-	1	1.317600	I:	D:
7465	9009	-	1	1.339688	I:	D:
9325	10359	+	1	1.322917	I:	D:
10443	10883	+	3	1.333363	I:	D:
10930	11692	-	1	1.333453	I:	D:
>k115_788
1	100	-	2	1.296362	I:	D:
104	856	+	2	1.322282	I:	D:
893	973	+	2	1.326291	I:	D:
1052	2101	-	2	1.350078	I:	D:
2116	2826	-	1	1.337727	I:	D:
2923	3165	-	1	1.321887	I:	D:
3219	5285	-	3	1.353642	I:	D:
5289	5543	-	3	1.375788	I:	D:
5654	6157	-	2	1.354014	I:	D:
6456	6557	+	3	1.366627	I:	D:
6842	7561	-	2	1.327763	I:	D:
7571	7735	-	2	1.333103	I:	D:
7758	8099	-	3	1.328028	I:	D:
8108	8185	-	2	1.232583	I:	D:
8362	8967	-	1	1.335686	I:	D:
9075	9701	-	3	1.369869	I:	D:
9810	11348	-	3	1.364840	I:	D:
11398	12153	-	1	1.340238	I:	D:
12448	13539	+	1	1.376431	I:	D:
>k115_4909
147	1133	-	3	1.356615	I:	D:
1142	1618	+	2	1.346905	I:	D:
1755	2066	+	3	1.346572	I:	D:
2084	2221	-	2	1.265852	I:	D:
2312	3430	-	2	1.322590	I:	D:
3460	5268	-	1	1.343973	I:	D:
5298	5516	-	3	1.330160	I:	D:
5696	5914	+	2	1.333585	I:	D:
5989	8013	-	1	1.330172	I:	D:
8207	8569	-	2	1.363315	I:	D:
8648	9484	-	2	1.336283	I:	D:
9527	10261	-	2	1.333984	I:	D:
10274	11101	-	2	1.328205	I:	D:
11492	11971	+	2	1.335893	I:	D:
12186	12416	+	3	1.346671	I:	D:
12507	13283	-	3	1.321261	I:	D:
13324	14169	-	1	1.328874	I:	D:
14221	15930	-	1	1.334058	I:	D:
16023	17684	+	3	1.341405	I:	D:
17844	17978	-	3	1.301708	I:	D:
18291	18776	+	3	1.317111	I:	D:
18800	20071	+	2	1.323629	I:	D:
20104	20406	+	1	1.349249	I:	D:
20498	22357	-	2	1.352770	I:	D:
22546	23844	-	1	1.326107	I:	D:
23993	24121	-	2	1.332377	I:	D:
24162	24509	-	3	1.343942	I:	D:
24666	25415	-	3	1.324791	I:	D:
25422	26378	-	3	1.352911	I:	D:
26385	27677	-	3	1.324792	I:	D:
27893	28009	+	2	1.305502	I:	D:
28102	28779	-	1	1.360558	I:	D:
28793	29260	-	2	1.323084	I:	D:
29293	30156	-	1	1.352171	I:	D:
30178	31185	+	1	1.353665	I:	D:
>k115_6797
1	513	-	1	1.317470	I:	D:
642	758	-	3	1.280607	I:	D:
763	2184	-	1	1.340846	I:	D:
2217	3029	-	3	1.326105	I:	D:
3197	3764	+	2	1.358208	I:	D:
>k115_9360
1	2538	+	3	1.326193	I:	D:
>k115_6443
1	411	+	1	1.332568	I:	D:
468	929	+	3	1.345688	I:	D:
951	1376	-	3	1.368766	I:	D:
1856	7531	+	2	1.318698	I:	D:
7714	7974	-	1	1.338783	I:	D:
7990	8895	-	1	1.351573	I:	D:
8899	9933	-	1	1.332132	I:	D:
9936	10655	-	3	1.347006	I:	D:
10699	11535	-	1	1.354372	I:	D:
11543	12943	-	2	1.330774	I:	D:
12997	14151	-	1	1.331927	I:	D:
14161	14682	-	1	1.309498	I:	D:
14695	16008	-	1	1.330574	I:	D:
16013	16615	-	2	1.323401	I:	D:
16669	17361	-	1	1.334256	I:	D:
17980	18768	+	1	1.294491	I:	D:
19069	19839	+	1	1.294888	I:	D:
19990	21840	-	1	1.331191	I:	D:
21850	23763	-	1	1.325055	I:	D:
23823	26024	-	3	1.332533	I:	D:
26100	28574	-	3	1.346344	I:	D:
>k115_5243
1	794	-	3	1.320139	I:	D:
938	1831	-	2	1.298355	I:	D:
1874	2479	-	2	1.313957	I:	D:
2599	3291	+	1	1.349260	I:	D:
3324	3922	+	3	1.331663	I:	D:
>k115_4939
1	204	+	1	1.337948	I:	D:
211	303	+	1	1.304782	I:	D:
621	782	+	3	1.291768	I:	D:
794	1735	+	2	1.344370	I:	D:
1809	2420	+	3	1.337152	I:	D:
2431	3750	-	1	1.339778	I:	D:
3815	4765	-	2	1.333453	I:	D:
4787	5647	-	2	1.325686	I:	D:
5675	6601	+	2	1.322707	I:	D:
6808	6928	+	1	1.294811	I:	D:
>k115_2639
1	541	+	2	1.334547	I:	D:
719	880	+	2	1.285359	I:	D:
918	1364	-	3	1.297471	I:	D:
1677	5387	-	3	1.331443	I:	D:
5392	7722	-	1	1.338931	I:	D:
7764	9362	-	3	1.312636	I:	D:
9819	10079	+	3	1.350576	I:	D:
10143	10295	-	3	1.327302	I:	D:
>k115_8140
1	1694	-	3	1.334860	I:	D:
2144	2242	+	2	1.291240	I:	D:
2252	2395	+	2	1.387836	I:	D:
2556	5406	+	3	1.327884	I:	D:
>k115_6815
1	172	+	2	1.390805	I:	D:
473	586	-	2	1.320073	I:	D:
674	1777	-	2	1.360801	I:	D:
1793	2689	-	2	1.355384	I:	D:
2728	3621	-	1	1.352860	I:	D:
3675	5171	+	3	1.340431	I:	D:
5227	6150	+	1	1.348855	I:	D:
6637	6744	+	1	1.228674	I:	D:
6834	7811	+	3	1.336077	I:	D:
7878	9404	+	3	1.314153	I:	D:
9432	9671	+	3	1.317825	I:	D:
9710	10129	+	2	1.313327	I:	D:
10153	11238	+	1	1.329927	I:	D:
11301	11543	+	3	1.268797	I:	D:
11610	12119	+	3	1.296068	I:	D:
12131	12667	+	2	1.311350	I:	D:
12680	14263	+	2	1.308338	I:	D:
14275	15249	+	1	1.319741	I:	D:
15605	15721	+	2	1.340691	I:	D:
15990	16502	+	3	1.296523	I:	D:
16653	17252	+	3	1.316474	I:	D:
17323	17897	-	1	1.392528	I:	D:17339,
17902	18030	-	1	1.261705	I:	D:
18126	18929	+	3	1.310071	I:	D:
18940	19587	+	1	1.322996	I:	D:
19589	20182	+	2	1.330553	I:	D:
20202	20765	+	3	1.315212	I:	D:
21260	21712	+	2	1.322680	I:	D:
21715	23706	+	1	1.312653	I:	D:
23763	24320	+	3	1.331295	I:	D:
24477	24988	-	3	1.318116	I:	D:
>k115_1134
1	517	-	2	1.350635	I:	D:
660	1046	-	3	1.330248	I:	D:
1393	2553	+	1	1.358950	I:	D:
2594	3103	+	2	1.320269	I:	D:
3135	3575	+	3	1.355561	I:	D:
3822	6596	+	3	1.313233	I:	D:
6672	6947	-	3	1.364349	I:	D:
7103	7555	-	2	1.345804	I:	D:
7570	7881	-	1	1.351446	I:	D:
7988	9850	+	2	1.339570	I:	D:
10078	10758	-	1	1.353738	I:	D:
10777	11994	-	1	1.338556	I:	D:
12586	13556	-	1	1.342356	I:	D:
>k115_1940
1	895	-	2	1.337126	I:	D:
1028	1924	+	2	1.332301	I:	D:
1944	2501	+	3	1.346162	I:	D:
2504	3075	+	2	1.367982	I:	D:
>k115_8561
16	651	-	1	1.358879	I:	D:
1111	1920	-	1	1.345116	I:	D:
1974	4046	-	3	1.326833	I:	D:
4098	4457	-	3	1.320157	I:	D:
4772	4969	+	2	1.361304	I:	D:
5253	7130	-	3	1.298161	I:	D:
7341	8267	-	3	1.346151	I:	D:
8518	9972	-	1	1.309035	I:	D:
10023	11036	-	3	1.348444	I:	D:
11114	11914	+	2	1.347245	I:	D:
11930	12406	+	2	1.322013	I:	D:
12483	13043	+	3	1.321389	I:	D:
13100	14044	+	2	1.347069	I:	D:
14483	14735	-	2	1.353159	I:	D:
>k115_4956
1	664	+	2	1.353627	I:	D:
729	2669	+	3	1.346544	I:	D:
2699	2770	+	2	1.336985	I:	D:
2815	2967	-	1	1.334288	I:	D:
>k115_7407
66	173	-	3	1.302641	I:	D:
217	1146	+	1	1.366336	I:	D:
1203	1598	+	3	1.332963	I:	D:
1969	2073	+	1	1.313147	I:	D:
2242	2658	+	1	1.301698	I:	D:
2662	4047	+	1	1.341319	I:	D:
4075	5532	+	1	1.327418	I:	D:
5660	6898	+	2	1.319469	I:	D:
6943	7783	+	1	1.329980	I:	D:
>k115_9805
1	137	+	3	1.296229	I:	D:
221	925	-	2	1.317512	I:	D:
1095	1805	-	3	1.312050	I:	D:
1865	3196	-	2	1.321574	I:	D:
3223	4005	-	1	1.318015	I:	D:
4292	7087	-	2	1.352646	I:	D:
7345	8814	+	1	1.353894	I:	D:
8825	9304	+	2	1.337962	I:	D:
9440	9640	+	2	1.333188	I:	D:
9745	9981	-	1	1.337410	I:	D:
10154	12712	-	2	1.335337	I:	D:
12778	14427	-	1	1.342695	I:	D:
14626	15087	+	1	1.334760	I:	D:
15201	16243	+	3	1.331777	I:	D:
>k115_5259
1	91	+	2	1.314170	I:	D:
408	683	-	3	1.269642	I:	D:
993	1949	+	3	1.343318	I:	D:
1992	3092	+	3	1.344984	I:	D:
3199	6216	+	1	1.325992	I:	D:
6242	6376	+	2	1.331850	I:	D:
6459	6605	+	3	1.292249	I:	D:
6908	7378	+	2	1.315257	I:	D:
7403	7801	+	2	1.329593	I:	D:
7991	9085	-	2	1.337406	I:	D:
9302	9727	-	2	1.304430	I:	D:
10301	11116	+	2	1.387687	I:	D:
11492	11749	-	2	1.356472	I:	D:
12016	12756	-	1	1.372526	I:	D:
12761	13786	-	2	1.370717	I:	D:
13808	13888	+	2	1.291030	I:	D:
13929	14831	+	3	1.360913	I:	D:
14862	15293	-	3	1.337564	I:	D:
15509	15601	-	2	1.251981	I:	D:
15638	15721	-	2	1.237358	I:	D:
15724	16644	+	1	1.310309	I:	D:
16769	17062	+	2	1.310776	I:	D:
17066	18256	+	2	1.362609	I:	D:
18274	18495	+	1	1.352896	I:	D:
18678	19226	+	3	1.343878	I:	D:
>k115_8567
1	113	+	3	1.342372	I:	D:
202	2307	+	1	1.332582	I:	D:
2551	2766	-	1	1.343483	I:	D:
2852	5959	+	2	1.335893	I:	D:
>k115_1551
1	105	+	1	1.332629	I:	D:
333	3290	-	3	1.356444	I:	D:
3663	4928	-	3	1.329167	I:	D:
5519	5593	+	2	1.275640	I:	D:
5657	6586	-	2	1.329519	I:	D:
6756	8177	-	3	1.275088	I:	D:
8250	9209	-	3	1.335385	I:	D:
9219	10106	-	3	1.286990	I:	D:
10141	10800	-	1	1.287365	I:	D:
10803	11456	-	3	1.307638	I:	D:
11488	12327	-	1	1.322813	I:	D:
12797	14005	-	2	1.336060	I:	D:
14083	16017	-	1	1.337945	I:	D:
16391	16759	-	2	1.328347	I:	D:
17005	17457	+	1	1.293577	I:	D:
17610	17771	+	3	1.285909	I:	D:
17829	18824	-	3	1.320403	I:	D:
18854	19447	-	2	1.297647	I:	D:
19464	19676	+	3	1.321037	I:	D:
19687	20307	+	1	1.327997	I:	D:
20321	21559	+	2	1.346504	I:	D:
21597	21917	+	3	1.332825	I:	D:
22128	22312	+	3	1.260412	I:	D:
>k115_2436
1	237	-	1	1.306152	I:	D:
486	2450	-	3	1.339402	I:	D:
2795	3616	+	2	1.324202	I:	D:
3734	3854	+	2	1.329306	I:	D:
>k115_7743
1	689	-	3	1.346550	I:	D:
880	1170	+	1	1.334208	I:	D:
1330	2115	+	1	1.337939	I:	D:
2120	2401	+	2	1.346261	I:	D:
2418	3857	+	3	1.318545	I:	D:
3872	3967	-	2	1.310879	I:	D:
3994	4431	-	1	1.304459	I:	D:
4489	6504	-	1	1.319259	I:	D:
6708	7475	-	3	1.345118	I:	D:
7662	7859	+	3	1.311695	I:	D:
7992	9092	-	3	1.324500	I:	D:
9355	9903	-	1	1.309650	I:	D:
9926	10696	-	2	1.336030	I:	D:
10717	11802	-	1	1.314652	I:	D:
11806	12039	-	1	1.386153	I:	D:
12053	12235	-	2	1.300956	I:	D:
12317	13201	-	2	1.322090	I:	D:
13242	14594	-	3	1.310777	I:	D:
14599	14688	-	1	1.245007	I:	D:
14800	15714	+	1	1.307422	I:	D:
15836	16222	+	2	1.342050	I:	D:
16296	18269	-	3	1.349743	I:	D:
18279	18872	-	3	1.345845	I:	D:
18935	19420	-	2	1.337922	I:	D:
19497	20879	+	3	1.319852	I:	D:
21168	22544	+	3	1.337373	I:	D:
22633	22890	+	1	1.353265	I:	D:
23443	24078	-	1	1.332777	I:	D:
24109	25065	-	1	1.319789	I:	D:
25071	26345	-	3	1.358079	I:	D:
26520	27332	+	3	1.312835	I:	D:
27350	27571	+	2	1.353139	I:	D:
27780	28424	-	3	1.333174	I:	D:
>k115_1565
1	253	+	2	1.334102	I:	D:
271	561	+	1	1.326219	I:	D:
630	812	+	3	1.340130	I:	D:
827	1669	-	2	1.290176	I:	D:
1700	1843	-	2	1.274286	I:	D:
1888	2067	-	1	1.317237	I:	D:
2277	2669	-	3	1.348087	I:	D:
2688	3305	-	3	1.331296	I:	D:
3479	3823	-	2	1.360486	I:	D:
3829	4094	-	1	1.373624	I:	D:
>k115_6174
1	887	+	3	1.396750	I:	D:
1084	1428	-	1	1.345999	I:	D:
1430	2746	-	2	1.357053	I:	D:
2758	3987	-	1	1.349429	I:	D:
4000	4134	+	1	1.363196	I:	D:
4200	4400	+	3	1.330201	I:	D:
4590	5210	+	3	1.323255	I:	D:
5225	6580	-	2	1.345886	I:	D:
6609	7181	-	3	1.328638	I:	D:
7243	7929	-	1	1.331246	I:	D:
8110	8769	+	1	1.320889	I:	D:
8817	9056	+	3	1.294348	I:	D:
9059	9175	-	2	1.347246	I:	D:
>k115_3668
1	1494	+	1	1.348832	I:	D:
1771	2145	-	1	1.339789	I:	D:
2155	4917	+	1	1.329681	I:	D:
5039	5155	+	2	1.307453	I:	D:
5244	5484	-	3	1.333877	I:	D:
>k115_5272
1	1476	-	1	1.336499	I:	D:
1529	2200	-	2	1.319719	I:	D:
2236	2718	-	1	1.296579	I:	D:
2925	4172	+	3	1.331429	I:	D:
4298	5491	+	2	1.334876	I:	D:
>k115_8582
186	338	-	3	1.346904	I:	D:
357	1214	-	3	1.326620	I:	D:
1246	1350	+	1	1.307038	I:	D:
1400	1804	-	2	1.336238	I:	D:
1905	2369	-	3	1.297730	I:	D:
2408	3190	-	2	1.342390	I:	D:
3191	4462	-	2	1.351925	I:	D:
4813	4947	+	1	1.350460	I:	D:
4980	5096	+	3	1.331601	I:	D:
5368	5436	-	1	1.300999	I:	D:
5444	5611	+	2	1.345944	I:	D:
5685	6688	+	3	1.344363	I:	D:
>k115_1571
1	1489	+	2	1.326872	I:	D:
1533	1739	+	3	1.353803	I:	D:
2269	2823	-	1	1.324197	I:	D:
2849	3051	-	2	1.332720	I:	D:
>k115_9807
1	216	+	1	1.298796	I:	D:
390	1835	-	3	1.358287	I:	D:
1852	1938	-	1	1.247542	I:	D:
1971	2135	+	3	1.306074	I:	D:
2191	2304	-	1	1.222958	I:	D:
2469	2816	+	3	1.397732	I:	D:
3239	5587	-	2	1.326514	I:	D:
5707	5856	-	1	1.315531	I:	D:
5880	7511	-	3	1.292589	I:	D:
7679	9046	-	2	1.330747	I:	D:
9164	10246	-	2	1.345502	I:	D:
11085	11582	+	3	1.325610	I:	D:
11662	15141	-	1	1.350205	I:	D:
15386	15496	-	2	1.277214	I:	D:
15558	16382	+	3	1.359049	I:	D:
16424	17008	+	2	1.308161	I:	D:
17188	17340	-	1	1.304226	I:	D:
17404	18858	+	1	1.328402	I:	D:
19417	20532	-	1	1.355520	I:	D:
>k115_4464
1	336	-	1	1.356613	I:	D:
373	852	-	1	1.324147	I:	D:
884	2128	-	2	1.329699	I:	D:
2182	2493	-	1	1.357970	I:	D:
2594	2836	+	2	1.280208	I:	D:
2899	4389	+	1	1.332566	I:	D:
4503	5300	+	3	1.333149	I:	D:
5347	6517	+	1	1.334452	I:	D:
>k115_1589
1	143	+	3	1.339635	I:	D:
285	425	+	3	1.365715	I:	D:
474	1034	-	3	1.338042	I:	D:
1039	4464	-	1	1.319035	I:	D:
4744	5637	-	1	1.398465	I:	D:
5814	6230	+	3	1.288745	I:	D:
6379	6522	-	1	1.306400	I:	D:
6586	6732	+	1	1.326803	I:	D:
>k115_5726
1	188	+	3	1.308320	I:	D:
279	422	-	3	1.339306	I:	D:
471	1955	-	3	1.369903	I:	D:
2142	2630	-	3	1.350454	I:	D:
2645	3343	-	2	1.336059	I:	D:
3442	5955	+	1	1.339171	I:	D:
6494	7381	-	2	1.329464	I:	D:
7569	8120	+	3	1.346517	I:	D:
8155	10233	+	1	1.333784	I:	D:
10314	10979	+	3	1.358950	I:	D:
11226	11819	+	3	1.345382	I:	D:
11880	12632	+	3	1.349793	I:	D:
12638	13396	+	2	1.338101	I:	D:
13405	14883	+	1	1.348685	I:	D:
>k115_1594
1	1197	-	1	1.367972	I:	D:
1490	3067	+	2	1.349191	I:	D:
>k115_9839
1	232	-	2	1.323421	I:	D:
240	2513	-	3	1.317695	I:	D:
>k115_3219
1	936	+	1	1.355540	I:	D:
995	1282	+	2	1.330566	I:	D:
1297	2436	+	1	1.295051	I:	D:
2971	3210	-	1	1.345710	I:	D:
3339	3860	-	3	1.323497	I:	D:
3984	4565	-	3	1.318915	I:	D:
4570	5214	-	1	1.340535	I:	D:
5269	5895	-	1	1.328619	I:	D:
5909	6673	-	2	1.332832	I:	D:
6740	7360	+	2	1.334107	I:	D:
7382	8200	+	2	1.337986	I:	D:
8215	8409	-	1	1.329911	I:	D:
8635	9708	-	1	1.345280	I:	D:
9876	9944	+	3	1.301462	I:	D:
10064	11125	+	2	1.344254	I:	D:
>k115_5748
1	238	-	2	1.337359	I:	D:
729	2426	-	3	1.322945	I:	D:
2492	3319	-	2	1.321734	I:	D:
3457	4203	+	1	1.341851	I:	D:
4237	4684	+	1	1.331715	I:	D:
>k115_8633
1	1714	-	2	1.376259	I:	D:
1918	2067	-	1	1.275853	I:	D:
2255	2425	+	2	1.312863	I:	D:
2429	2569	-	2	1.341750	I:	D:
2876	4621	+	2	1.275512	I:	D:
4975	6135	+	1	1.350260	I:	D:
6319	6510	+	1	1.312434	I:	D:
6585	7466	+	3	1.359223	I:	D:
7493	7789	+	2	1.291691	I:	D:
7898	8068	-	2	1.367312	I:	D:
>k115_2024
224	301	+	2	1.273592	I:	D:
524	1303	-	2	1.339125	I:	D:
1319	2236	-	2	1.369119	I:	D:
2269	2907	-	1	1.351648	I:	D:
2997	3791	-	3	1.341326	I:	D:
4296	7448	-	3	1.320208	I:	D:
7746	8576	+	3	1.352830	I:	D:
8656	10422	+	1	1.333248	I:	D:
10507	11910	+	1	1.306356	I:	D:
12003	12201	-	3	1.342763	I:	D:
>k115_6190
1	865	+	2	1.372214	I:	D:
1044	1364	+	3	1.332582	I:	D:
1422	1625	-	3	1.311385	I:	D:
1825	2175	-	1	1.337733	I:	D:
2177	3721	-	2	1.363094	I:	D:
3872	4477	+	2	1.358252	I:	D:
4490	5101	+	2	1.347070	I:	D:
5127	5987	+	3	1.341890	I:	D:
6035	7342	+	2	1.330048	I:	D:
7384	8136	+	1	1.342302	I:	D:
8270	8713	-	2	1.342768	I:	D:
8986	9654	-	1	1.334487	I:	D:
9749	11392	-	2	1.328526	I:	D:
11630	12013	-	2	1.307823	I:	D:
12415	12540	+	1	1.279189	I:	D:
12626	13234	+	2	1.332608	I:	D:
13467	14159	-	3	1.299858	I:	D:
14243	15646	-	2	1.346224	I:	D:
15791	16663	-	2	1.297858	I:	D:
16736	16816	+	2	1.267904	I:	D:
16911	19265	-	3	1.320402	I:	D:
19429	20706	-	1	1.326114	I:	D:
20799	21024	-	3	1.320249	I:	D:
>k115_4494
1	640	-	2	1.336561	I:	D:
641	1585	-	2	1.334816	I:	D:
1730	2050	-	2	1.303763	I:	D:
2075	2582	-	2	1.330994	I:	D:
>k115_1609
1	282	+	1	1.349551	I:	D:
430	2538	+	1	1.320466	I:	D:
2853	3575	+	3	1.344911	I:	D:
3594	4502	+	3	1.312885	I:	D:
4669	4785	-	1	1.306769	I:	D:
4871	5323	-	2	1.353929	I:	D:
5455	5817	+	1	1.333565	I:	D:
5825	6643	+	2	1.339169	I:	D:
6678	7340	+	3	1.323700	I:	D:
7587	7997	-	3	1.297582	I:	D:
8004	9599	-	3	1.333907	I:	D:
9672	12090	-	3	1.314424	I:	D:
>k115_9844
1	1093	+	2	1.345731	I:	D:
1243	1602	+	1	1.342501	I:	D:
1606	3066	+	1	1.325887	I:	D:
3188	5722	-	2	1.349937	I:	D:
5751	7058	-	3	1.313710	I:	D:
7134	7835	-	3	1.327012	I:	D:
7842	8795	-	3	1.353556	I:	D:
8841	9539	-	3	1.357066	I:	D:
9617	10354	-	2	1.337922	I:	D:
10540	10926	+	1	1.348828	I:	D:
10961	12337	+	2	1.346648	I:	D:
12395	13099	+	2	1.336077	I:	D:
13144	14004	+	1	1.345567	I:	D:
14052	14223	+	3	1.334888	I:	D:
>k115_9846
1	184	-	2	1.364584	I:	D:
206	1546	-	2	1.324512	I:	D:
1569	2627	-	3	1.332132	I:	D:
>k115_9407
35	481	-	2	1.331945	I:	D:
514	2604	-	1	1.319739	I:	D:
2677	3339	-	1	1.335276	I:	D:
3372	4397	-	3	1.320856	I:	D:
4489	5445	-	1	1.343080	I:	D:
5473	6000	-	1	1.357559	I:	D:
6504	6620	-	3	1.301757	I:	D:
6793	7599	-	1	1.353341	I:	D:
7756	7983	-	1	1.338984	I:	D:
>k115_8181
1	706	+	2	1.328039	I:	D:
726	2453	+	3	1.341543	I:	D:
3046	3870	+	1	1.326599	I:	D:
4087	4467	+	1	1.326611	I:	D:
4491	5327	+	3	1.320563	I:	D:
5484	6320	+	3	1.312626	I:	D:
6418	7590	-	1	1.341580	I:	D:
7619	8896	-	2	1.363421	I:	D:
8932	9318	-	1	1.344879	I:	D:
9341	9922	-	2	1.344748	I:	D:
9943	10167	-	1	1.303828	I:	D:
10359	10931	-	3	1.330668	I:	D:
11020	11637	-	1	1.317662	I:	D:
11814	12971	+	3	1.323788	I:	D:
12988	13320	+	1	1.270192	I:	D:
13354	14361	+	1	1.347561	I:	D:
14415	14930	+	3	1.338740	I:	D:
14950	15408	+	1	1.297117	I:	D:
15585	15659	+	3	1.296484	I:	D:
15772	15876	+	1	1.345542	I:	D:
15995	16405	+	2	1.326783	I:	D:
16603	17058	-	1	1.348050	I:	D:
17105	17797	-	2	1.337424	I:	D:
17980	18822	+	1	1.304528	I:	D:
19018	19845	-	1	1.333140	I:	D:
19897	20442	-	1	1.354676	I:	D:
20639	20749	+	2	1.346633	I:	D:
20822	22516	+	2	1.332661	I:	D:
22558	22704	+	1	1.325088	I:	D:
23011	24864	+	1	1.325431	I:	D:
25041	25589	+	3	1.346078	I:	D:
25649	26134	+	2	1.367084	I:	D:
26194	29031	+	1	1.357989	I:	D:
29415	29510	+	3	1.349554	I:	D:
29595	29979	-	3	1.350737	I:	D:
>k115_9412
1	537	-	1	1.321080	I:	D:
664	2070	+	1	1.340303	I:	D:
2093	2713	-	2	1.330014	I:	D:
2740	3372	-	1	1.323400	I:	D:
3437	5794	-	2	1.352767	I:	D:
5805	6023	+	3	1.346387	I:	D:
6080	6271	-	2	1.341573	I:	D:
6288	6842	-	3	1.310107	I:	D:
6847	7015	-	1	1.309128	I:	D:
>k115_4120
1	592	+	2	1.438382	I:	D:
627	2264	+	3	1.398122	I:	D:
2269	2391	-	1	1.277857	I:	D:
2591	3550	+	2	1.259541	I:	D:
3648	5900	+	3	1.300756	I:	D:
5948	7327	+	2	1.279628	I:	D:
7394	7564	-	2	1.360145	I:	D:
>k115_3286
1	91	+	2	1.385657	I:	D:
168	3188	-	3	1.350083	I:	D:
3273	3368	+	3	1.276340	I:	D:
3472	3867	-	1	1.363973	I:	D:
3986	4435	+	2	1.324561	I:	D:
>k115_2697
11	118	-	2	1.327893	I:	D:
162	542	-	3	1.324536	I:	D:
565	1041	-	1	1.360667	I:	D:
1055	1729	-	2	1.306255	I:	D:
1810	2352	-	1	1.343764	I:	D:
2385	2492	+	3	1.318481	I:	D:
2571	3512	-	3	1.320165	I:	D:
3604	4224	-	1	1.351886	I:	D:
4264	4878	-	1	1.333966	I:	D:
4893	6359	-	3	1.341102	I:	D:
6766	6912	+	1	1.308845	I:	D:
6976	7533	+	1	1.336786	I:	D:
7678	9825	+	1	1.333835	I:	D:
9867	10118	-	3	1.332214	I:	D:
10311	10409	+	3	1.286164	I:	D:
10486	10754	+	1	1.337882	I:	D:
>k115_6924
1	80	+	3	1.279027	I:	D:
314	2281	+	2	1.326355	I:	D:
2405	4438	+	2	1.331246	I:	D:
4520	4687	-	2	1.327883	I:	D:
4825	4965	-	1	1.304855	I:	D:
5112	5288	+	3	1.276275	I:	D:
5307	6887	+	3	1.333114	I:	D:
6958	7041	+	1	1.317006	I:	D:
7092	7211	+	3	1.332982	I:	D:
7236	7658	+	3	1.358099	I:	D:
>k115_6929
1	219	+	1	1.395440	I:	D:
233	382	+	2	1.355327	I:	D:
406	1674	-	1	1.311839	I:	D:
1742	3913	-	2	1.337299	I:	D:
3936	4053	-	3	1.268616	I:	D:
>k115_3296
1	1321	-	2	1.341399	I:	D:
1701	1793	+	3	1.231763	I:	D:
1857	4673	+	3	1.326005	I:	D:
5031	5897	-	3	1.343534	I:	D:
5993	6615	-	2	1.328038	I:	D:
>k115_9439
1	266	+	3	1.326796	I:	D:
343	1386	+	1	1.340598	I:	D:
1542	3581	+	3	1.319037	I:	D:
3849	4095	+	3	1.354931	I:	D:
>k115_7822
237	1676	-	3	1.327979	I:	D:
1692	3203	-	3	1.339017	I:	D:
3208	4410	-	1	1.346134	I:	D:
>k115_2047
1	1877	-	3	1.358348	I:	D:
2097	2441	-	3	1.311850	I:	D:
2487	5069	-	3	1.342630	I:	D:
5081	5641	-	2	1.329046	I:	D:
5643	5915	-	3	1.293184	I:	D:
6119	7777	+	2	1.319770	I:	D:
7807	8579	+	1	1.395561	I:	D:8567,
8606	9475	-	2	1.323538	I:	D:
9518	9685	-	2	1.339843	I:	D:
>k115_8235
1	1691	+	3	1.364194	I:	D:
2041	3639	+	1	1.368490	I:	D:
3671	4663	+	2	1.357183	I:	D:
4706	5581	+	2	1.341556	I:	D:
5920	6408	+	1	1.315704	I:	D:
6445	6801	+	1	1.365674	I:	D:
7319	8137	-	2	1.336395	I:	D:
8355	9401	+	3	1.306055	I:	D:
9415	10599	+	1	1.322846	I:	D:
10737	11189	+	3	1.335345	I:	D:
11226	12176	+	3	1.318230	I:	D:
12188	13327	+	2	1.340730	I:	D:
13346	13441	+	2	1.312070	I:	D:
13504	13596	+	1	1.276689	I:	D:
13822	15186	+	1	1.363306	I:	D:
15199	15411	+	1	1.281501	I:	D:
15454	17373	+	1	1.336058	I:	D:
17563	19101	-	1	1.297144	I:	D:
19132	19425	-	1	1.281533	I:	D:
19437	19730	-	3	1.289234	I:	D:
19825	20460	-	1	1.306231	I:	D:
20717	20815	+	2	1.286934	I:	D:
21306	22190	+	3	1.301787	I:	D:
22205	24709	+	2	1.320782	I:	D:
24783	25208	+	3	1.316831	I:	D:
25319	26284	-	2	1.299925	I:	D:
26348	27322	-	2	1.363391	I:	D:
27339	27807	-	3	1.349457	I:	D:
>k115_6570
192	3506	-	3	1.345285	I:	D:
3548	4543	-	2	1.339271	I:	D:
4558	5898	-	1	1.339817	I:	D:
6023	6460	+	2	1.321757	I:	D:
6494	8221	+	2	1.311650	I:	D:
8263	9117	+	1	1.341604	I:	D:
9118	11160	+	1	1.321311	I:	D:
11189	11332	-	2	1.304572	I:	D:
11408	12166	+	2	1.336011	I:	D:
12306	12416	-	3	1.335047	I:	D:
>k115_2744
1	272	+	3	1.324187	I:	D:
840	989	-	3	1.293956	I:	D:
1295	1666	-	2	1.409806	I:	D:
2305	3648	+	1	1.352255	I:	D:
3674	3934	+	2	1.329774	I:	D:
4037	4147	+	2	1.326899	I:	D:
4260	4508	+	3	1.300208	I:	D:
4560	4934	-	3	1.304695	I:	D:
5063	6295	-	2	1.317773	I:	D:
6389	6508	+	2	1.345774	I:	D:
6609	8276	-	3	1.345306	I:	D:
8291	9961	-	2	1.330640	I:	D:
9973	10812	-	1	1.339798	I:	D:
10835	12037	-	2	1.348539	I:	D:
12040	12280	-	1	1.330575	I:	D:
>k115_6583
1	158	+	3	1.330510	I:	D:
234	2267	-	3	1.326523	I:	D:
2506	2628	-	1	1.329356	I:	D:
>k115_8249
1	149	-	3	1.307489	I:	D:
492	1427	-	3	1.299356	I:	D:
1491	3800	-	3	1.351192	I:	D:
3969	4463	+	3	1.338525	I:	D:
>k115_6606
1	648	+	1	1.323902	I:	D:
1069	2448	-	1	1.334155	I:	D:
2515	3414	+	1	1.352582	I:	D:
3516	5666	+	3	1.332883	I:	D:
5902	6024	-	1	1.323355	I:	D:
6043	6592	-	1	1.369497	I:	D:
>k115_8253
1	1105	-	2	1.330549	I:	D:
1177	1575	-	1	1.334402	I:	D:
1594	2847	-	1	1.344912	I:	D:
2970	3164	-	3	1.347798	I:	D:
3221	3313	+	2	1.289562	I:	D:
3425	4279	-	2	1.329002	I:	D:
4865	5131	-	2	1.308267	I:	D:
5177	5872	-	2	1.349307	I:	D:
5902	6594	-	1	1.319296	I:	D:
6678	10445	+	3	1.339128	I:	D:
10525	10839	+	1	1.302137	I:	D:
11373	12155	-	3	1.356168	I:	D:
12181	13560	-	1	1.346070	I:	D:
13586	16846	-	2	1.328142	I:	D:
16866	18203	-	3	1.312872	I:	D:
18488	19912	-	2	1.335879	I:	D:
19997	20110	+	2	1.302933	I:	D:
20173	20364	-	1	1.273639	I:	D:
20509	21378	-	1	1.295016	I:	D:
21723	21971	+	3	1.347218	I:	D:
22210	23088	+	1	1.344043	I:	D:
23155	23397	+	1	1.297753	I:	D:
23439	23693	+	3	1.349950	I:	D:
>k115_1637
1	1244	+	3	1.349437	I:	D:
1462	1605	+	1	1.329594	I:	D:
1769	2380	+	2	1.359830	I:	D:
2394	2951	+	3	1.348505	I:	D:
3007	3228	+	1	1.288021	I:	D:
3247	4299	+	1	1.350690	I:	D:
4309	5799	+	1	1.344017	I:	D:
5913	6599	+	3	1.322534	I:	D:
6710	8299	+	2	1.335268	I:	D:
8377	9426	+	1	1.344670	I:	D:
9525	10145	+	3	1.317796	I:	D:
10500	13190	-	3	1.351558	I:	D:
13208	14071	-	2	1.324032	I:	D:
14143	14691	-	1	1.327964	I:	D:
14985	15827	+	3	1.353144	I:	D:
15846	17018	+	3	1.344499	I:	D:
17064	17132	-	3	1.300107	I:	D:
17178	17795	+	3	1.345699	I:	D:
17798	17926	-	2	1.341300	I:	D:
17938	18463	-	1	1.377465	I:	D:
>k115_2799
16	228	-	1	1.320500	I:	D:
454	1206	+	1	1.340646	I:	D:
1729	3840	+	1	1.326509	I:	D:
3887	4102	+	2	1.312093	I:	D:
4324	4761	+	1	1.315217	I:	D:
4843	6291	+	1	1.331543	I:	D:
6458	6649	+	2	1.348054	I:	D:
6774	8672	+	3	1.326758	I:	D:
8690	9697	+	2	1.326527	I:	D:
10040	11173	+	2	1.317165	I:	D:
11203	12075	+	1	1.306587	I:	D:
12122	12298	+	2	1.345375	I:	D:
12718	13266	+	1	1.315353	I:	D:
13327	15390	+	1	1.341391	I:	D:
15659	16969	+	2	1.314829	I:	D:
17352	18092	+	3	1.329517	I:	D:
18237	19454	+	3	1.346463	I:	D:
19643	20437	-	2	1.338983	I:	D:
20690	21739	+	2	1.358518	I:	D:
>k115_6988
1	536	-	3	1.337642	I:	D:
740	841	-	2	1.325373	I:	D:
903	2057	+	3	1.330479	I:	D:
2160	2699	-	3	1.330686	I:	D:
2831	3775	+	2	1.341336	I:	D:
3818	4948	-	2	1.346331	I:	D:
4978	5361	-	1	1.334219	I:	D:
5394	6845	-	3	1.346356	I:	D:
7229	7405	-	2	1.366534	I:	D:
>k115_9486
1	179	-	3	1.351679	I:	D:
394	1302	-	1	1.330712	I:	D:
1319	1819	-	2	1.343908	I:	D:
1826	2641	-	2	1.340104	I:	D:
3108	3701	-	3	1.342822	I:	D:
3779	4549	-	2	1.315963	I:	D:
4582	6162	-	1	1.357731	I:	D:
6167	6718	-	2	1.345744	I:	D:
6778	7599	-	1	1.344164	I:	D:
7936	9234	+	1	1.333493	I:	D:
9551	12010	-	2	1.335999	I:	D:
12290	12412	+	2	1.341089	I:	D:
12446	13543	+	2	1.371489	I:	D:
13556	14260	+	2	1.346049	I:	D:
14314	14484	+	1	1.317290	I:	D:
14772	15239	-	3	1.311265	I:	D:
15283	16455	-	1	1.317258	I:	D:
>k115_9495
1	889	+	2	1.339968	I:	D:
1155	1565	+	3	1.374723	I:	D:
1635	1913	-	3	1.343575	I:	D:
2259	2444	+	3	1.366493	I:	D:
2531	2932	+	2	1.342769	I:	D:
3169	4164	+	1	1.328938	I:	D:
4185	5054	+	3	1.336735	I:	D:
5090	6121	+	2	1.328729	I:	D:
6140	7108	+	2	1.344814	I:	D:
7151	8173	+	2	1.323330	I:	D:
8195	8851	+	2	1.317271	I:	D:
8859	11435	+	3	1.328726	I:	D:
11450	11849	+	2	1.343467	I:	D:
>k115_2859
1	139	+	2	1.336188	I:	D:
156	458	-	3	1.362466	I:	D:
555	1715	-	3	1.316386	I:	D:
1885	3732	-	1	1.320074	I:	D:
3746	4018	-	2	1.310208	I:	D:
4037	5893	-	2	1.328577	I:	D:
5974	7407	-	1	1.312990	I:	D:
7424	8851	-	2	1.299326	I:	D:
8963	10447	-	2	1.321740	I:	D:
10799	11413	+	2	1.316830	I:	D:
11421	12446	+	3	1.323173	I:	D:
12483	12611	-	3	1.325209	I:	D:
12669	12839	-	3	1.312792	I:	D:
13089	15272	-	3	1.324903	I:	D:
15367	16599	-	1	1.338706	I:	D:
16603	17268	-	1	1.329537	I:	D:
17315	17386	+	2	1.323579	I:	D:
17416	17571	-	1	1.360479	I:	D:
17692	17892	+	1	1.338668	I:	D:
18103	19545	-	1	1.289373	I:	D:
19809	21476	-	3	1.320681	I:	D:
21582	21761	+	3	1.334019	I:	D:
22096	23052	-	1	1.357794	I:	D:
23115	23933	-	3	1.356080	I:	D:
23941	24640	-	1	1.319798	I:	D:
